<?xml version="1.0" encoding="UTF-8"?>
<coverage generated="1582882952067" clover="3.2.0">
  <project timestamp="1582882952067" name="All files">
    <metrics statements="674" coveredstatements="494" conditionals="429" coveredconditionals="83" methods="154" coveredmethods="95" elements="1257" coveredelements="672" complexity="0" loc="674" ncloc="674" packages="16" files="40" classes="40"/>
    <package name="Merch-Dropper-be">
      <metrics statements="39" coveredstatements="31" conditionals="2" coveredconditionals="0" methods="3" coveredmethods="2"/>
      <file name="index.js" path="C:\Users\wjonk\Documents\Github\Merch-Dropper-be\index.js">
        <metrics statements="8" coveredstatements="0" conditionals="2" coveredconditionals="0" methods="1" coveredmethods="0"/>
        <line num="1" count="0" type="stmt"/>
        <line num="2" count="0" type="stmt"/>
        <line num="3" count="0" type="stmt"/>
        <line num="6" count="0" type="stmt"/>
        <line num="8" count="0" type="cond" truecount="0" falsecount="2"/>
        <line num="10" count="0" type="stmt"/>
        <line num="18" count="0" type="stmt"/>
        <line num="19" count="0" type="stmt"/>
      </file>
      <file name="knexfile.js" path="C:\Users\wjonk\Documents\Github\Merch-Dropper-be\knexfile.js">
        <metrics statements="1" coveredstatements="1" conditionals="0" coveredconditionals="0" methods="0" coveredmethods="0"/>
        <line num="1" count="1" type="stmt"/>
      </file>
      <file name="server.js" path="C:\Users\wjonk\Documents\Github\Merch-Dropper-be\server.js">
        <metrics statements="30" coveredstatements="30" conditionals="0" coveredconditionals="0" methods="2" coveredmethods="2"/>
        <line num="1" count="1" type="stmt"/>
        <line num="2" count="1" type="stmt"/>
        <line num="3" count="1" type="stmt"/>
        <line num="4" count="1" type="stmt"/>
        <line num="5" count="1" type="stmt"/>
        <line num="8" count="1" type="stmt"/>
        <line num="9" count="1" type="stmt"/>
        <line num="10" count="1" type="stmt"/>
        <line num="11" count="1" type="stmt"/>
        <line num="12" count="1" type="stmt"/>
        <line num="13" count="1" type="stmt"/>
        <line num="14" count="1" type="stmt"/>
        <line num="15" count="1" type="stmt"/>
        <line num="17" count="1" type="stmt"/>
        <line num="19" count="1" type="stmt"/>
        <line num="20" count="1" type="stmt"/>
        <line num="21" count="1" type="stmt"/>
        <line num="23" count="1" type="stmt"/>
        <line num="25" count="107" type="stmt"/>
        <line num="45" count="1" type="stmt"/>
        <line num="46" count="1" type="stmt"/>
        <line num="47" count="1" type="stmt"/>
        <line num="48" count="1" type="stmt"/>
        <line num="49" count="1" type="stmt"/>
        <line num="50" count="1" type="stmt"/>
        <line num="51" count="1" type="stmt"/>
        <line num="52" count="1" type="stmt"/>
        <line num="55" count="1" type="stmt"/>
        <line num="56" count="3" type="stmt"/>
        <line num="59" count="1" type="stmt"/>
      </file>
    </package>
    <package name="Merch-Dropper-be.authOperations">
      <metrics statements="25" coveredstatements="24" conditionals="4" coveredconditionals="4" methods="5" coveredmethods="4"/>
      <file name="authRouter.js" path="C:\Users\wjonk\Documents\Github\Merch-Dropper-be\authOperations\authRouter.js">
        <metrics statements="25" coveredstatements="24" conditionals="4" coveredconditionals="4" methods="5" coveredmethods="4"/>
        <line num="1" count="1" type="stmt"/>
        <line num="2" count="1" type="stmt"/>
        <line num="3" count="1" type="stmt"/>
        <line num="5" count="1" type="stmt"/>
        <line num="7" count="1" type="stmt"/>
        <line num="8" count="2" type="stmt"/>
        <line num="9" count="2" type="stmt"/>
        <line num="10" count="2" type="stmt"/>
        <line num="11" count="2" type="stmt"/>
        <line num="13" count="2" type="stmt"/>
        <line num="15" count="2" type="stmt"/>
        <line num="17" count="1" type="stmt"/>
        <line num="19" count="1" type="stmt"/>
        <line num="26" count="1" type="stmt"/>
        <line num="27" count="3" type="stmt"/>
        <line num="29" count="3" type="stmt"/>
        <line num="32" count="3" type="cond" truecount="4" falsecount="0"/>
        <line num="33" count="1" type="stmt"/>
        <line num="34" count="1" type="stmt"/>
        <line num="39" count="2" type="stmt"/>
        <line num="44" count="0" type="stmt"/>
        <line num="51" count="1" type="stmt"/>
        <line num="56" count="1" type="stmt"/>
        <line num="60" count="1" type="stmt"/>
        <line num="63" count="1" type="stmt"/>
      </file>
    </package>
    <package name="Merch-Dropper-be.authOperations.authMiddleware">
      <metrics statements="0" coveredstatements="0" conditionals="0" coveredconditionals="0" methods="0" coveredmethods="0"/>
      <file name="verifyLoginInfo.js" path="C:\Users\wjonk\Documents\Github\Merch-Dropper-be\authOperations\authMiddleware\verifyLoginInfo.js">
        <metrics statements="0" coveredstatements="0" conditionals="0" coveredconditionals="0" methods="0" coveredmethods="0"/>
      </file>
      <file name="verifyRegisterInfo.js" path="C:\Users\wjonk\Documents\Github\Merch-Dropper-be\authOperations\authMiddleware\verifyRegisterInfo.js">
        <metrics statements="0" coveredstatements="0" conditionals="0" coveredconditionals="0" methods="0" coveredmethods="0"/>
      </file>
    </package>
    <package name="Merch-Dropper-be.coverage.lcov-report">
      <metrics statements="106" coveredstatements="0" conditionals="323" coveredconditionals="0" methods="52" coveredmethods="0"/>
      <file name="block-navigation.js" path="C:\Users\wjonk\Documents\Github\Merch-Dropper-be\coverage\lcov-report\block-navigation.js">
        <metrics statements="28" coveredstatements="0" conditionals="15" coveredconditionals="0" methods="6" coveredmethods="0"/>
        <line num="2" count="0" type="stmt"/>
        <line num="4" count="0" type="stmt"/>
        <line num="7" count="0" type="stmt"/>
        <line num="10" count="0" type="stmt"/>
        <line num="14" count="0" type="stmt"/>
        <line num="20" count="0" type="stmt"/>
        <line num="25" count="0" type="stmt"/>
        <line num="28" count="0" type="stmt"/>
        <line num="32" count="0" type="stmt"/>
        <line num="33" count="0" type="stmt"/>
        <line num="34" count="0" type="stmt"/>
        <line num="42" count="0" type="stmt"/>
        <line num="43" count="0" type="cond" truecount="0" falsecount="4"/>
        <line num="44" count="0" type="stmt"/>
        <line num="45" count="0" type="cond" truecount="0" falsecount="2"/>
        <line num="46" count="0" type="stmt"/>
        <line num="49" count="0" type="stmt"/>
        <line num="53" count="0" type="stmt"/>
        <line num="55" count="0" type="cond" truecount="0" falsecount="2"/>
        <line num="59" count="0" type="stmt"/>
        <line num="62" count="0" type="stmt"/>
        <line num="65" count="0" type="stmt"/>
        <line num="66" count="0" type="cond" truecount="0" falsecount="5"/>
        <line num="69" count="0" type="stmt"/>
        <line num="70" count="0" type="stmt"/>
        <line num="74" count="0" type="stmt"/>
        <line num="75" count="0" type="stmt"/>
        <line num="79" count="0" type="stmt"/>
      </file>
      <file name="prettify.js" path="C:\Users\wjonk\Documents\Github\Merch-Dropper-be\coverage\lcov-report\prettify.js">
        <metrics statements="1" coveredstatements="0" conditionals="286" coveredconditionals="0" methods="29" coveredmethods="0"/>
        <line num="2" count="0" type="cond" truecount="0" falsecount="286"/>
      </file>
      <file name="sorter.js" path="C:\Users\wjonk\Documents\Github\Merch-Dropper-be\coverage\lcov-report\sorter.js">
        <metrics statements="77" coveredstatements="0" conditionals="22" coveredconditionals="0" methods="17" coveredmethods="0"/>
        <line num="2" count="0" type="stmt"/>
        <line num="5" count="0" type="stmt"/>
        <line num="12" count="0" type="stmt"/>
        <line num="16" count="0" type="stmt"/>
        <line num="20" count="0" type="stmt"/>
        <line num="24" count="0" type="stmt"/>
        <line num="29" count="0" type="stmt"/>
        <line num="31" count="0" type="stmt"/>
        <line num="35" count="0" type="stmt"/>
        <line num="36" count="0" type="stmt"/>
        <line num="37" count="0" type="stmt"/>
        <line num="42" count="0" type="stmt"/>
        <line num="43" count="0" type="cond" truecount="0" falsecount="2"/>
        <line num="44" count="0" type="stmt"/>
        <line num="45" count="0" type="stmt"/>
        <line num="49" count="0" type="stmt"/>
        <line num="54" count="0" type="stmt"/>
        <line num="57" count="0" type="stmt"/>
        <line num="60" count="0" type="stmt"/>
        <line num="61" count="0" type="stmt"/>
        <line num="62" count="0" type="stmt"/>
        <line num="63" count="0" type="stmt"/>
        <line num="64" count="0" type="cond" truecount="0" falsecount="2"/>
        <line num="65" count="0" type="stmt"/>
        <line num="67" count="0" type="stmt"/>
        <line num="69" count="0" type="stmt"/>
        <line num="73" count="0" type="stmt"/>
        <line num="76" count="0" type="stmt"/>
        <line num="77" count="0" type="stmt"/>
        <line num="82" count="0" type="stmt"/>
        <line num="83" count="0" type="stmt"/>
        <line num="84" count="0" type="stmt"/>
        <line num="85" count="0" type="stmt"/>
        <line num="86" count="0" type="cond" truecount="0" falsecount="4"/>
        <line num="88" count="0" type="stmt"/>
        <line num="89" count="0" type="stmt"/>
        <line num="90" count="0" type="stmt"/>
        <line num="91" count="0" type="stmt"/>
        <line num="94" count="0" type="cond" truecount="0" falsecount="2"/>
        <line num="95" count="0" type="stmt"/>
        <line num="96" count="0" type="stmt"/>
        <line num="100" count="0" type="stmt"/>
        <line num="101" count="0" type="stmt"/>
        <line num="102" count="0" type="stmt"/>
        <line num="105" count="0" type="stmt"/>
        <line num="107" count="0" type="stmt"/>
        <line num="108" count="0" type="stmt"/>
        <line num="113" count="0" type="stmt"/>
        <line num="114" count="0" type="stmt"/>
        <line num="116" count="0" type="stmt"/>
        <line num="117" count="0" type="stmt"/>
        <line num="121" count="0" type="cond" truecount="0" falsecount="2"/>
        <line num="129" count="0" type="stmt"/>
        <line num="130" count="0" type="stmt"/>
        <line num="132" count="0" type="stmt"/>
        <line num="133" count="0" type="stmt"/>
        <line num="135" count="0" type="cond" truecount="0" falsecount="2"/>
        <line num="136" count="0" type="stmt"/>
        <line num="138" count="0" type="stmt"/>
        <line num="139" count="0" type="stmt"/>
        <line num="140" count="0" type="stmt"/>
        <line num="141" count="0" type="stmt"/>
        <line num="142" count="0" type="stmt"/>
        <line num="145" count="0" type="stmt"/>
        <line num="146" count="0" type="cond" truecount="0" falsecount="2"/>
        <line num="149" count="0" type="stmt"/>
        <line num="150" count="0" type="cond" truecount="0" falsecount="2"/>
        <line num="151" count="0" type="stmt"/>
        <line num="153" count="0" type="stmt"/>
        <line num="159" count="0" type="stmt"/>
        <line num="160" count="0" type="cond" truecount="0" falsecount="2"/>
        <line num="161" count="0" type="stmt"/>
        <line num="163" count="0" type="stmt"/>
        <line num="164" count="0" type="stmt"/>
        <line num="165" count="0" type="stmt"/>
        <line num="166" count="0" type="stmt"/>
        <line num="170" count="0" type="stmt"/>
      </file>
    </package>
    <package name="Merch-Dropper-be.crudOperations.designOperations">
      <metrics statements="39" coveredstatements="33" conditionals="8" coveredconditionals="7" methods="5" coveredmethods="5"/>
      <file name="designsModel.js" path="C:\Users\wjonk\Documents\Github\Merch-Dropper-be\crudOperations\designOperations\designsModel.js">
        <metrics statements="0" coveredstatements="0" conditionals="0" coveredconditionals="0" methods="0" coveredmethods="0"/>
      </file>
      <file name="designsRouter.js" path="C:\Users\wjonk\Documents\Github\Merch-Dropper-be\crudOperations\designOperations\designsRouter.js">
        <metrics statements="39" coveredstatements="33" conditionals="8" coveredconditionals="7" methods="5" coveredmethods="5"/>
        <line num="1" count="1" type="stmt"/>
        <line num="2" count="1" type="stmt"/>
        <line num="3" count="1" type="stmt"/>
        <line num="9" count="1" type="stmt"/>
        <line num="10" count="1" type="stmt"/>
        <line num="11" count="1" type="stmt"/>
        <line num="12" count="1" type="stmt"/>
        <line num="20" count="1" type="cond" truecount="1" falsecount="1"/>
        <line num="21" count="1" type="stmt"/>
        <line num="22" count="1" type="stmt"/>
        <line num="24" count="0" type="stmt"/>
        <line num="27" count="0" type="stmt"/>
        <line num="37" count="1" type="stmt"/>
        <line num="38" count="1" type="stmt"/>
        <line num="39" count="1" type="stmt"/>
        <line num="40" count="1" type="stmt"/>
        <line num="42" count="0" type="stmt"/>
        <line num="51" count="1" type="stmt"/>
        <line num="52" count="3" type="stmt"/>
        <line num="53" count="3" type="stmt"/>
        <line num="55" count="3" type="cond" truecount="2" falsecount="0"/>
        <line num="56" count="1" type="stmt"/>
        <line num="58" count="2" type="stmt"/>
        <line num="63" count="0" type="stmt"/>
        <line num="73" count="1" type="stmt"/>
        <line num="74" count="3" type="stmt"/>
        <line num="75" count="3" type="stmt"/>
        <line num="79" count="3" type="cond" truecount="2" falsecount="0"/>
        <line num="80" count="1" type="stmt"/>
        <line num="84" count="2" type="stmt"/>
        <line num="87" count="0" type="stmt"/>
        <line num="97" count="1" type="stmt"/>
        <line num="98" count="3" type="stmt"/>
        <line num="99" count="3" type="stmt"/>
        <line num="100" count="3" type="cond" truecount="2" falsecount="0"/>
        <line num="101" count="1" type="stmt"/>
        <line num="103" count="2" type="stmt"/>
        <line num="106" count="0" type="stmt"/>
        <line num="114" count="1" type="stmt"/>
      </file>
    </package>
    <package name="Merch-Dropper-be.crudOperations.helperVariables">
      <metrics statements="43" coveredstatements="41" conditionals="8" coveredconditionals="8" methods="23" coveredmethods="23"/>
      <file name="headers.js" path="C:\Users\wjonk\Documents\Github\Merch-Dropper-be\crudOperations\helperVariables\headers.js">
        <metrics statements="2" coveredstatements="0" conditionals="0" coveredconditionals="0" methods="0" coveredmethods="0"/>
        <line num="1" count="0" type="stmt"/>
        <line num="7" count="0" type="stmt"/>
      </file>
      <file name="models.js" path="C:\Users\wjonk\Documents\Github\Merch-Dropper-be\crudOperations\helperVariables\models.js">
        <metrics statements="41" coveredstatements="41" conditionals="8" coveredconditionals="8" methods="23" coveredmethods="23"/>
        <line num="1" count="1" type="stmt"/>
        <line num="5" count="6" type="stmt"/>
        <line num="9" count="2" type="stmt"/>
        <line num="12" count="2" type="stmt"/>
        <line num="13" count="2" type="stmt"/>
        <line num="18" count="6" type="stmt"/>
        <line num="22" count="25" type="stmt"/>
        <line num="29" count="4" type="stmt"/>
        <line num="36" count="5" type="stmt"/>
        <line num="43" count="7" type="stmt"/>
        <line num="50" count="3" type="stmt"/>
        <line num="66" count="15" type="stmt"/>
        <line num="70" count="15" type="cond" truecount="2" falsecount="0"/>
        <line num="71" count="5" type="stmt"/>
        <line num="73" count="10" type="stmt"/>
        <line num="79" count="3" type="stmt"/>
        <line num="83" count="3" type="cond" truecount="2" falsecount="0"/>
        <line num="84" count="1" type="stmt"/>
        <line num="86" count="2" type="stmt"/>
        <line num="92" count="6" type="stmt"/>
        <line num="96" count="6" type="cond" truecount="2" falsecount="0"/>
        <line num="97" count="2" type="stmt"/>
        <line num="99" count="4" type="stmt"/>
        <line num="105" count="3" type="stmt"/>
        <line num="109" count="3" type="cond" truecount="2" falsecount="0"/>
        <line num="110" count="1" type="stmt"/>
        <line num="112" count="2" type="stmt"/>
        <line num="118" count="12" type="stmt"/>
        <line num="124" count="6" type="stmt"/>
        <line num="130" count="3" type="stmt"/>
        <line num="136" count="3" type="stmt"/>
        <line num="142" count="3" type="stmt"/>
        <line num="148" count="1" type="stmt"/>
        <line num="149" count="1" type="stmt"/>
        <line num="150" count="1" type="stmt"/>
        <line num="151" count="1" type="stmt"/>
        <line num="152" count="1" type="stmt"/>
        <line num="153" count="1" type="stmt"/>
        <line num="158" count="5" type="stmt"/>
        <line num="162" count="3" type="stmt"/>
        <line num="165" count="1" type="stmt"/>
      </file>
      <file name="orderHelpers.js" path="C:\Users\wjonk\Documents\Github\Merch-Dropper-be\crudOperations\helperVariables\orderHelpers.js">
        <metrics statements="0" coveredstatements="0" conditionals="0" coveredconditionals="0" methods="0" coveredmethods="0"/>
      </file>
    </package>
    <package name="Merch-Dropper-be.crudOperations.orderOperations">
      <metrics statements="88" coveredstatements="65" conditionals="24" coveredconditionals="18" methods="12" coveredmethods="10"/>
      <file name="orderModel.js" path="C:\Users\wjonk\Documents\Github\Merch-Dropper-be\crudOperations\orderOperations\orderModel.js">
        <metrics statements="6" coveredstatements="2" conditionals="2" coveredconditionals="0" methods="1" coveredmethods="0"/>
        <line num="1" count="1" type="stmt"/>
        <line num="3" count="1" type="stmt"/>
        <line num="8" count="0" type="stmt"/>
        <line num="14" count="0" type="cond" truecount="0" falsecount="2"/>
        <line num="15" count="0" type="stmt"/>
        <line num="20" count="0" type="stmt"/>
      </file>
      <file name="orderRouter.js" path="C:\Users\wjonk\Documents\Github\Merch-Dropper-be\crudOperations\orderOperations\orderRouter.js">
        <metrics statements="82" coveredstatements="63" conditionals="22" coveredconditionals="18" methods="11" coveredmethods="10"/>
        <line num="1" count="1" type="stmt"/>
        <line num="2" count="1" type="stmt"/>
        <line num="3" count="1" type="stmt"/>
        <line num="10" count="1" type="stmt"/>
        <line num="11" count="0" type="stmt"/>
        <line num="12" count="0" type="stmt"/>
        <line num="13" count="0" type="cond" truecount="0" falsecount="2"/>
        <line num="14" count="0" type="stmt"/>
        <line num="15" count="0" type="cond" truecount="0" falsecount="2"/>
        <line num="16" count="0" type="stmt"/>
        <line num="30" count="0" type="stmt"/>
        <line num="31" count="0" type="stmt"/>
        <line num="44" count="0" type="stmt"/>
        <line num="54" count="1" type="stmt"/>
        <line num="55" count="1" type="stmt"/>
        <line num="56" count="1" type="stmt"/>
        <line num="57" count="1" type="stmt"/>
        <line num="59" count="0" type="stmt"/>
        <line num="68" count="1" type="stmt"/>
        <line num="69" count="3" type="stmt"/>
        <line num="70" count="3" type="stmt"/>
        <line num="71" count="3" type="cond" truecount="2" falsecount="0"/>
        <line num="72" count="1" type="stmt"/>
        <line num="74" count="2" type="stmt"/>
        <line num="79" count="0" type="stmt"/>
        <line num="89" count="1" type="stmt"/>
        <line num="90" count="3" type="stmt"/>
        <line num="91" count="3" type="stmt"/>
        <line num="92" count="3" type="cond" truecount="2" falsecount="0"/>
        <line num="93" count="1" type="stmt"/>
        <line num="95" count="2" type="stmt"/>
        <line num="100" count="0" type="stmt"/>
        <line num="110" count="1" type="stmt"/>
        <line num="111" count="3" type="stmt"/>
        <line num="112" count="3" type="stmt"/>
        <line num="113" count="3" type="cond" truecount="2" falsecount="0"/>
        <line num="114" count="1" type="stmt"/>
        <line num="116" count="2" type="stmt"/>
        <line num="121" count="0" type="stmt"/>
        <line num="131" count="1" type="stmt"/>
        <line num="132" count="3" type="stmt"/>
        <line num="133" count="3" type="stmt"/>
        <line num="135" count="3" type="cond" truecount="2" falsecount="0"/>
        <line num="136" count="1" type="stmt"/>
        <line num="138" count="2" type="stmt"/>
        <line num="141" count="0" type="stmt"/>
        <line num="151" count="1" type="stmt"/>
        <line num="152" count="3" type="stmt"/>
        <line num="153" count="3" type="stmt"/>
        <line num="157" count="3" type="cond" truecount="2" falsecount="0"/>
        <line num="158" count="1" type="stmt"/>
        <line num="160" count="2" type="stmt"/>
        <line num="163" count="0" type="stmt"/>
        <line num="173" count="1" type="stmt"/>
        <line num="174" count="3" type="stmt"/>
        <line num="175" count="3" type="stmt"/>
        <line num="179" count="3" type="cond" truecount="2" falsecount="0"/>
        <line num="180" count="1" type="stmt"/>
        <line num="182" count="2" type="stmt"/>
        <line num="185" count="0" type="stmt"/>
        <line num="195" count="1" type="stmt"/>
        <line num="196" count="3" type="stmt"/>
        <line num="197" count="3" type="stmt"/>
        <line num="198" count="3" type="cond" truecount="2" falsecount="0"/>
        <line num="199" count="1" type="stmt"/>
        <line num="201" count="2" type="stmt"/>
        <line num="204" count="0" type="stmt"/>
        <line num="214" count="1" type="stmt"/>
        <line num="215" count="3" type="stmt"/>
        <line num="216" count="3" type="stmt"/>
        <line num="217" count="3" type="cond" truecount="2" falsecount="0"/>
        <line num="218" count="1" type="stmt"/>
        <line num="220" count="2" type="stmt"/>
        <line num="223" count="0" type="stmt"/>
        <line num="233" count="1" type="stmt"/>
        <line num="234" count="3" type="stmt"/>
        <line num="235" count="3" type="stmt"/>
        <line num="236" count="3" type="cond" truecount="2" falsecount="0"/>
        <line num="237" count="1" type="stmt"/>
        <line num="239" count="2" type="stmt"/>
        <line num="244" count="0" type="stmt"/>
        <line num="252" count="1" type="stmt"/>
      </file>
    </package>
    <package name="Merch-Dropper-be.crudOperations.paymentOperations">
      <metrics statements="11" coveredstatements="5" conditionals="4" coveredconditionals="1" methods="2" coveredmethods="0"/>
      <file name="paymentRouter.js" path="C:\Users\wjonk\Documents\Github\Merch-Dropper-be\crudOperations\paymentOperations\paymentRouter.js">
        <metrics statements="11" coveredstatements="5" conditionals="4" coveredconditionals="1" methods="2" coveredmethods="0"/>
        <line num="1" count="1" type="stmt"/>
        <line num="3" count="1" type="cond" truecount="1" falsecount="1"/>
        <line num="5" count="1" type="stmt"/>
        <line num="8" count="1" type="stmt"/>
        <line num="9" count="0" type="stmt"/>
        <line num="15" count="0" type="stmt"/>
        <line num="16" count="0" type="cond" truecount="0" falsecount="2"/>
        <line num="17" count="0" type="stmt"/>
        <line num="18" count="0" type="stmt"/>
        <line num="20" count="0" type="stmt"/>
        <line num="29" count="1" type="stmt"/>
      </file>
    </package>
    <package name="Merch-Dropper-be.crudOperations.productOperations">
      <metrics statements="55" coveredstatements="51" conditionals="14" coveredconditionals="10" methods="7" coveredmethods="7"/>
      <file name="productModel.js" path="C:\Users\wjonk\Documents\Github\Merch-Dropper-be\crudOperations\productOperations\productModel.js">
        <metrics statements="8" coveredstatements="8" conditionals="2" coveredconditionals="1" methods="1" coveredmethods="1"/>
        <line num="1" count="1" type="stmt"/>
        <line num="2" count="1" type="stmt"/>
        <line num="3" count="1" type="stmt"/>
        <line num="8" count="2" type="stmt"/>
        <line num="15" count="2" type="cond" truecount="1" falsecount="1"/>
        <line num="16" count="2" type="stmt"/>
        <line num="21" count="1" type="stmt"/>
        <line num="22" count="1" type="stmt"/>
      </file>
      <file name="productRouter.js" path="C:\Users\wjonk\Documents\Github\Merch-Dropper-be\crudOperations\productOperations\productRouter.js">
        <metrics statements="47" coveredstatements="43" conditionals="12" coveredconditionals="9" methods="6" coveredmethods="6"/>
        <line num="1" count="1" type="stmt"/>
        <line num="2" count="1" type="stmt"/>
        <line num="3" count="1" type="stmt"/>
        <line num="10" count="1" type="stmt"/>
        <line num="11" count="2" type="stmt"/>
        <line num="12" count="2" type="stmt"/>
        <line num="13" count="2" type="stmt"/>
        <line num="22" count="2" type="cond" truecount="1" falsecount="1"/>
        <line num="23" count="2" type="stmt"/>
        <line num="29" count="1" type="stmt"/>
        <line num="36" count="1" type="stmt"/>
        <line num="46" count="1" type="stmt"/>
        <line num="47" count="2" type="stmt"/>
        <line num="48" count="2" type="stmt"/>
        <line num="50" count="2" type="cond" truecount="1" falsecount="1"/>
        <line num="51" count="2" type="stmt"/>
        <line num="53" count="1" type="cond" truecount="1" falsecount="1"/>
        <line num="54" count="1" type="stmt"/>
        <line num="64" count="1" type="stmt"/>
        <line num="74" count="1" type="stmt"/>
        <line num="75" count="1" type="stmt"/>
        <line num="76" count="1" type="stmt"/>
        <line num="77" count="1" type="stmt"/>
        <line num="79" count="0" type="stmt"/>
        <line num="88" count="1" type="stmt"/>
        <line num="89" count="3" type="stmt"/>
        <line num="90" count="3" type="stmt"/>
        <line num="91" count="3" type="cond" truecount="2" falsecount="0"/>
        <line num="92" count="1" type="stmt"/>
        <line num="94" count="2" type="stmt"/>
        <line num="97" count="0" type="stmt"/>
        <line num="107" count="1" type="stmt"/>
        <line num="108" count="3" type="stmt"/>
        <line num="109" count="3" type="stmt"/>
        <line num="110" count="3" type="stmt"/>
        <line num="111" count="3" type="cond" truecount="2" falsecount="0"/>
        <line num="112" count="1" type="stmt"/>
        <line num="116" count="2" type="stmt"/>
        <line num="119" count="0" type="stmt"/>
        <line num="129" count="1" type="stmt"/>
        <line num="130" count="3" type="stmt"/>
        <line num="131" count="3" type="stmt"/>
        <line num="132" count="3" type="cond" truecount="2" falsecount="0"/>
        <line num="133" count="1" type="stmt"/>
        <line num="135" count="2" type="stmt"/>
        <line num="138" count="0" type="stmt"/>
        <line num="146" count="1" type="stmt"/>
      </file>
    </package>
    <package name="Merch-Dropper-be.crudOperations.quoteOperations">
      <metrics statements="67" coveredstatements="54" conditionals="18" coveredconditionals="13" methods="9" coveredmethods="8"/>
      <file name="quoteModel.js" path="C:\Users\wjonk\Documents\Github\Merch-Dropper-be\crudOperations\quoteOperations\quoteModel.js">
        <metrics statements="6" coveredstatements="6" conditionals="2" coveredconditionals="1" methods="1" coveredmethods="1"/>
        <line num="1" count="1" type="stmt"/>
        <line num="3" count="1" type="stmt"/>
        <line num="8" count="1" type="stmt"/>
        <line num="14" count="1" type="cond" truecount="1" falsecount="1"/>
        <line num="15" count="1" type="stmt"/>
        <line num="20" count="1" type="stmt"/>
      </file>
      <file name="quoteRouter.js" path="C:\Users\wjonk\Documents\Github\Merch-Dropper-be\crudOperations\quoteOperations\quoteRouter.js">
        <metrics statements="61" coveredstatements="48" conditionals="16" coveredconditionals="12" methods="8" coveredmethods="7"/>
        <line num="1" count="1" type="stmt"/>
        <line num="2" count="1" type="stmt"/>
        <line num="3" count="1" type="stmt"/>
        <line num="10" count="1" type="stmt"/>
        <line num="11" count="1" type="stmt"/>
        <line num="12" count="1" type="stmt"/>
        <line num="13" count="1" type="cond" truecount="1" falsecount="1"/>
        <line num="14" count="1" type="stmt"/>
        <line num="15" count="1" type="cond" truecount="1" falsecount="1"/>
        <line num="16" count="1" type="stmt"/>
        <line num="28" count="1" type="stmt"/>
        <line num="29" count="1" type="stmt"/>
        <line num="41" count="0" type="stmt"/>
        <line num="51" count="1" type="stmt"/>
        <line num="52" count="1" type="stmt"/>
        <line num="53" count="1" type="stmt"/>
        <line num="55" count="1" type="stmt"/>
        <line num="57" count="0" type="stmt"/>
        <line num="66" count="1" type="stmt"/>
        <line num="67" count="3" type="stmt"/>
        <line num="68" count="3" type="stmt"/>
        <line num="69" count="3" type="cond" truecount="2" falsecount="0"/>
        <line num="70" count="1" type="stmt"/>
        <line num="72" count="2" type="stmt"/>
        <line num="77" count="0" type="stmt"/>
        <line num="87" count="1" type="stmt"/>
        <line num="88" count="0" type="stmt"/>
        <line num="89" count="0" type="stmt"/>
        <line num="91" count="0" type="cond" truecount="0" falsecount="2"/>
        <line num="92" count="0" type="stmt"/>
        <line num="94" count="0" type="stmt"/>
        <line num="100" count="0" type="stmt"/>
        <line num="110" count="1" type="stmt"/>
        <line num="111" count="3" type="stmt"/>
        <line num="112" count="3" type="stmt"/>
        <line num="113" count="3" type="cond" truecount="2" falsecount="0"/>
        <line num="114" count="1" type="stmt"/>
        <line num="116" count="2" type="stmt"/>
        <line num="119" count="0" type="stmt"/>
        <line num="129" count="1" type="stmt"/>
        <line num="130" count="3" type="stmt"/>
        <line num="132" count="3" type="stmt"/>
        <line num="137" count="3" type="cond" truecount="2" falsecount="0"/>
        <line num="138" count="1" type="stmt"/>
        <line num="140" count="2" type="stmt"/>
        <line num="143" count="0" type="stmt"/>
        <line num="153" count="1" type="stmt"/>
        <line num="154" count="3" type="stmt"/>
        <line num="155" count="3" type="stmt"/>
        <line num="156" count="3" type="cond" truecount="2" falsecount="0"/>
        <line num="157" count="1" type="stmt"/>
        <line num="159" count="2" type="stmt"/>
        <line num="162" count="0" type="stmt"/>
        <line num="172" count="1" type="stmt"/>
        <line num="173" count="3" type="stmt"/>
        <line num="174" count="3" type="stmt"/>
        <line num="175" count="3" type="cond" truecount="2" falsecount="0"/>
        <line num="176" count="1" type="stmt"/>
        <line num="178" count="2" type="stmt"/>
        <line num="183" count="0" type="stmt"/>
        <line num="191" count="1" type="stmt"/>
      </file>
    </package>
    <package name="Merch-Dropper-be.crudOperations.storeOperations">
      <metrics statements="48" coveredstatements="42" conditionals="14" coveredconditionals="13" methods="6" coveredmethods="6"/>
      <file name="storeModel.js" path="C:\Users\wjonk\Documents\Github\Merch-Dropper-be\crudOperations\storeOperations\storeModel.js">
        <metrics statements="2" coveredstatements="2" conditionals="0" coveredconditionals="0" methods="0" coveredmethods="0"/>
        <line num="1" count="1" type="stmt"/>
        <line num="3" count="1" type="stmt"/>
      </file>
      <file name="storeRouter.js" path="C:\Users\wjonk\Documents\Github\Merch-Dropper-be\crudOperations\storeOperations\storeRouter.js">
        <metrics statements="46" coveredstatements="40" conditionals="14" coveredconditionals="13" methods="6" coveredmethods="6"/>
        <line num="1" count="1" type="stmt"/>
        <line num="2" count="1" type="stmt"/>
        <line num="3" count="1" type="stmt"/>
        <line num="10" count="1" type="stmt"/>
        <line num="11" count="3" type="stmt"/>
        <line num="12" count="3" type="stmt"/>
        <line num="14" count="3" type="cond" truecount="4" falsecount="0"/>
        <line num="15" count="2" type="stmt"/>
        <line num="17" count="1" type="stmt"/>
        <line num="18" count="1" type="stmt"/>
        <line num="23" count="0" type="stmt"/>
        <line num="33" count="1" type="stmt"/>
        <line num="34" count="1" type="stmt"/>
        <line num="35" count="1" type="stmt"/>
        <line num="37" count="1" type="cond" truecount="1" falsecount="1"/>
        <line num="38" count="1" type="stmt"/>
        <line num="41" count="0" type="stmt"/>
        <line num="50" count="1" type="stmt"/>
        <line num="51" count="3" type="stmt"/>
        <line num="52" count="3" type="stmt"/>
        <line num="54" count="3" type="cond" truecount="2" falsecount="0"/>
        <line num="55" count="1" type="stmt"/>
        <line num="57" count="2" type="stmt"/>
        <line num="60" count="0" type="stmt"/>
        <line num="70" count="1" type="stmt"/>
        <line num="71" count="3" type="stmt"/>
        <line num="72" count="3" type="stmt"/>
        <line num="74" count="3" type="cond" truecount="2" falsecount="0"/>
        <line num="75" count="1" type="stmt"/>
        <line num="77" count="2" type="stmt"/>
        <line num="83" count="0" type="stmt"/>
        <line num="93" count="1" type="stmt"/>
        <line num="94" count="3" type="stmt"/>
        <line num="95" count="3" type="stmt"/>
        <line num="96" count="3" type="cond" truecount="2" falsecount="0"/>
        <line num="97" count="1" type="stmt"/>
        <line num="99" count="2" type="stmt"/>
        <line num="102" count="0" type="stmt"/>
        <line num="112" count="1" type="stmt"/>
        <line num="113" count="3" type="stmt"/>
        <line num="114" count="3" type="stmt"/>
        <line num="115" count="3" type="cond" truecount="2" falsecount="0"/>
        <line num="116" count="1" type="stmt"/>
        <line num="118" count="2" type="stmt"/>
        <line num="124" count="0" type="stmt"/>
        <line num="153" count="1" type="stmt"/>
      </file>
    </package>
    <package name="Merch-Dropper-be.crudOperations.userOperations">
      <metrics statements="36" coveredstatements="31" conditionals="8" coveredconditionals="8" methods="5" coveredmethods="5"/>
      <file name="userModel.js" path="C:\Users\wjonk\Documents\Github\Merch-Dropper-be\crudOperations\userOperations\userModel.js">
        <metrics statements="0" coveredstatements="0" conditionals="0" coveredconditionals="0" methods="0" coveredmethods="0"/>
      </file>
      <file name="userRouter.js" path="C:\Users\wjonk\Documents\Github\Merch-Dropper-be\crudOperations\userOperations\userRouter.js">
        <metrics statements="36" coveredstatements="31" conditionals="8" coveredconditionals="8" methods="5" coveredmethods="5"/>
        <line num="1" count="1" type="stmt"/>
        <line num="3" count="1" type="stmt"/>
        <line num="10" count="1" type="stmt"/>
        <line num="11" count="1" type="stmt"/>
        <line num="12" count="1" type="stmt"/>
        <line num="13" count="1" type="stmt"/>
        <line num="15" count="0" type="stmt"/>
        <line num="24" count="1" type="stmt"/>
        <line num="25" count="3" type="stmt"/>
        <line num="26" count="3" type="stmt"/>
        <line num="27" count="3" type="cond" truecount="2" falsecount="0"/>
        <line num="28" count="1" type="stmt"/>
        <line num="30" count="2" type="stmt"/>
        <line num="33" count="0" type="stmt"/>
        <line num="43" count="1" type="stmt"/>
        <line num="45" count="3" type="stmt"/>
        <line num="46" count="3" type="stmt"/>
        <line num="47" count="3" type="cond" truecount="2" falsecount="0"/>
        <line num="48" count="1" type="stmt"/>
        <line num="50" count="2" type="stmt"/>
        <line num="53" count="0" type="stmt"/>
        <line num="63" count="1" type="stmt"/>
        <line num="64" count="3" type="stmt"/>
        <line num="65" count="3" type="stmt"/>
        <line num="69" count="3" type="cond" truecount="2" falsecount="0"/>
        <line num="70" count="1" type="stmt"/>
        <line num="72" count="2" type="stmt"/>
        <line num="75" count="0" type="stmt"/>
        <line num="85" count="1" type="stmt"/>
        <line num="86" count="3" type="stmt"/>
        <line num="87" count="3" type="stmt"/>
        <line num="88" count="3" type="cond" truecount="2" falsecount="0"/>
        <line num="89" count="1" type="stmt"/>
        <line num="91" count="2" type="stmt"/>
        <line num="94" count="0" type="stmt"/>
        <line num="120" count="1" type="stmt"/>
      </file>
    </package>
    <package name="Merch-Dropper-be.databaseOperations">
      <metrics statements="4" coveredstatements="4" conditionals="2" coveredconditionals="1" methods="0" coveredmethods="0"/>
      <file name="db-config.js" path="C:\Users\wjonk\Documents\Github\Merch-Dropper-be\databaseOperations\db-config.js">
        <metrics statements="4" coveredstatements="4" conditionals="2" coveredconditionals="1" methods="0" coveredmethods="0"/>
        <line num="1" count="1" type="stmt"/>
        <line num="3" count="1" type="stmt"/>
        <line num="5" count="1" type="cond" truecount="1" falsecount="1"/>
        <line num="7" count="1" type="stmt"/>
      </file>
    </package>
    <package name="Merch-Dropper-be.databaseOperations.migrations">
      <metrics statements="98" coveredstatements="98" conditionals="0" coveredconditionals="0" methods="18" coveredmethods="18"/>
      <file name="20200128163829_users.js" path="C:\Users\wjonk\Documents\Github\Merch-Dropper-be\databaseOperations\migrations\20200128163829_users.js">
        <metrics statements="31" coveredstatements="31" conditionals="0" coveredconditionals="0" methods="3" coveredmethods="3"/>
        <line num="1" count="1" type="stmt"/>
        <line num="2" count="1" type="stmt"/>
        <line num="3" count="1" type="stmt"/>
        <line num="4" count="1" type="stmt"/>
        <line num="5" count="1" type="stmt"/>
        <line num="6" count="1" type="stmt"/>
        <line num="10" count="1" type="stmt"/>
        <line num="11" count="1" type="stmt"/>
        <line num="15" count="1" type="stmt"/>
        <line num="16" count="1" type="stmt"/>
        <line num="17" count="1" type="stmt"/>
        <line num="18" count="1" type="stmt"/>
        <line num="19" count="1" type="stmt"/>
        <line num="20" count="1" type="stmt"/>
        <line num="21" count="1" type="stmt"/>
        <line num="22" count="1" type="stmt"/>
        <line num="23" count="1" type="stmt"/>
        <line num="24" count="1" type="stmt"/>
        <line num="25" count="1" type="stmt"/>
        <line num="26" count="1" type="stmt"/>
        <line num="27" count="1" type="stmt"/>
        <line num="28" count="1" type="stmt"/>
        <line num="29" count="1" type="stmt"/>
        <line num="30" count="1" type="stmt"/>
        <line num="31" count="1" type="stmt"/>
        <line num="32" count="1" type="stmt"/>
        <line num="33" count="1" type="stmt"/>
        <line num="34" count="1" type="stmt"/>
        <line num="35" count="1" type="stmt"/>
        <line num="39" count="1" type="stmt"/>
        <line num="40" count="1" type="stmt"/>
      </file>
      <file name="20200207103817_stores.js" path="C:\Users\wjonk\Documents\Github\Merch-Dropper-be\databaseOperations\migrations\20200207103817_stores.js">
        <metrics statements="11" coveredstatements="11" conditionals="0" coveredconditionals="0" methods="3" coveredmethods="3"/>
        <line num="1" count="1" type="stmt"/>
        <line num="2" count="1" type="stmt"/>
        <line num="3" count="1" type="stmt"/>
        <line num="4" count="1" type="stmt"/>
        <line num="5" count="1" type="stmt"/>
        <line num="9" count="1" type="stmt"/>
        <line num="15" count="1" type="stmt"/>
        <line num="19" count="1" type="stmt"/>
        <line num="20" count="1" type="stmt"/>
        <line num="30" count="1" type="stmt"/>
        <line num="31" count="1" type="stmt"/>
      </file>
      <file name="20200207103831_quotes.js" path="C:\Users\wjonk\Documents\Github\Merch-Dropper-be\databaseOperations\migrations\20200207103831_quotes.js">
        <metrics statements="15" coveredstatements="15" conditionals="0" coveredconditionals="0" methods="3" coveredmethods="3"/>
        <line num="1" count="1" type="stmt"/>
        <line num="2" count="1" type="stmt"/>
        <line num="3" count="1" type="stmt"/>
        <line num="4" count="1" type="stmt"/>
        <line num="5" count="1" type="stmt"/>
        <line num="6" count="1" type="stmt"/>
        <line num="7" count="1" type="stmt"/>
        <line num="8" count="1" type="stmt"/>
        <line num="9" count="1" type="stmt"/>
        <line num="13" count="1" type="stmt"/>
        <line num="14" count="1" type="stmt"/>
        <line num="18" count="1" type="stmt"/>
        <line num="25" count="1" type="stmt"/>
        <line num="35" count="1" type="stmt"/>
        <line num="36" count="1" type="stmt"/>
      </file>
      <file name="20200207103849_orders.js" path="C:\Users\wjonk\Documents\Github\Merch-Dropper-be\databaseOperations\migrations\20200207103849_orders.js">
        <metrics statements="18" coveredstatements="18" conditionals="0" coveredconditionals="0" methods="3" coveredmethods="3"/>
        <line num="1" count="1" type="stmt"/>
        <line num="2" count="1" type="stmt"/>
        <line num="3" count="1" type="stmt"/>
        <line num="4" count="1" type="stmt"/>
        <line num="5" count="1" type="stmt"/>
        <line num="6" count="1" type="stmt"/>
        <line num="7" count="1" type="stmt"/>
        <line num="8" count="1" type="stmt"/>
        <line num="9" count="1" type="stmt"/>
        <line num="10" count="1" type="stmt"/>
        <line num="14" count="1" type="stmt"/>
        <line num="15" count="1" type="stmt"/>
        <line num="16" count="1" type="stmt"/>
        <line num="17" count="1" type="stmt"/>
        <line num="18" count="1" type="stmt"/>
        <line num="25" count="1" type="stmt"/>
        <line num="35" count="1" type="stmt"/>
        <line num="36" count="1" type="stmt"/>
      </file>
      <file name="20200207103906_designs.js" path="C:\Users\wjonk\Documents\Github\Merch-Dropper-be\databaseOperations\migrations\20200207103906_designs.js">
        <metrics statements="11" coveredstatements="11" conditionals="0" coveredconditionals="0" methods="3" coveredmethods="3"/>
        <line num="1" count="1" type="stmt"/>
        <line num="2" count="1" type="stmt"/>
        <line num="3" count="1" type="stmt"/>
        <line num="4" count="1" type="stmt"/>
        <line num="5" count="1" type="stmt"/>
        <line num="6" count="1" type="stmt"/>
        <line num="7" count="1" type="stmt"/>
        <line num="14" count="1" type="stmt"/>
        <line num="21" count="1" type="stmt"/>
        <line num="25" count="1" type="stmt"/>
        <line num="26" count="1" type="stmt"/>
      </file>
      <file name="20200212143214_products.js" path="C:\Users\wjonk\Documents\Github\Merch-Dropper-be\databaseOperations\migrations\20200212143214_products.js">
        <metrics statements="12" coveredstatements="12" conditionals="0" coveredconditionals="0" methods="3" coveredmethods="3"/>
        <line num="1" count="1" type="stmt"/>
        <line num="2" count="1" type="stmt"/>
        <line num="3" count="1" type="stmt"/>
        <line num="4" count="1" type="stmt"/>
        <line num="5" count="1" type="stmt"/>
        <line num="6" count="1" type="stmt"/>
        <line num="7" count="1" type="stmt"/>
        <line num="8" count="1" type="stmt"/>
        <line num="9" count="1" type="stmt"/>
        <line num="16" count="1" type="stmt"/>
        <line num="20" count="1" type="stmt"/>
        <line num="21" count="1" type="stmt"/>
      </file>
    </package>
    <package name="Merch-Dropper-be.databaseOperations.seeds">
      <metrics statements="15" coveredstatements="15" conditionals="0" coveredconditionals="0" methods="7" coveredmethods="7"/>
      <file name="00-cleanup.js" path="C:\Users\wjonk\Documents\Github\Merch-Dropper-be\databaseOperations\seeds\00-cleanup.js">
        <metrics statements="3" coveredstatements="3" conditionals="0" coveredconditionals="0" methods="1" coveredmethods="1"/>
        <line num="1" count="1" type="stmt"/>
        <line num="3" count="1" type="stmt"/>
        <line num="4" count="1" type="stmt"/>
      </file>
      <file name="01-users.js" path="C:\Users\wjonk\Documents\Github\Merch-Dropper-be\databaseOperations\seeds\01-users.js">
        <metrics statements="2" coveredstatements="2" conditionals="0" coveredconditionals="0" methods="1" coveredmethods="1"/>
        <line num="1" count="1" type="stmt"/>
        <line num="2" count="1" type="stmt"/>
      </file>
      <file name="02-stores.js" path="C:\Users\wjonk\Documents\Github\Merch-Dropper-be\databaseOperations\seeds\02-stores.js">
        <metrics statements="2" coveredstatements="2" conditionals="0" coveredconditionals="0" methods="1" coveredmethods="1"/>
        <line num="1" count="1" type="stmt"/>
        <line num="2" count="1" type="stmt"/>
      </file>
      <file name="03-quotes.js" path="C:\Users\wjonk\Documents\Github\Merch-Dropper-be\databaseOperations\seeds\03-quotes.js">
        <metrics statements="2" coveredstatements="2" conditionals="0" coveredconditionals="0" methods="1" coveredmethods="1"/>
        <line num="1" count="1" type="stmt"/>
        <line num="2" count="1" type="stmt"/>
      </file>
      <file name="04-orders.js" path="C:\Users\wjonk\Documents\Github\Merch-Dropper-be\databaseOperations\seeds\04-orders.js">
        <metrics statements="2" coveredstatements="2" conditionals="0" coveredconditionals="0" methods="1" coveredmethods="1"/>
        <line num="1" count="1" type="stmt"/>
        <line num="2" count="1" type="stmt"/>
      </file>
      <file name="05-designs.js" path="C:\Users\wjonk\Documents\Github\Merch-Dropper-be\databaseOperations\seeds\05-designs.js">
        <metrics statements="2" coveredstatements="2" conditionals="0" coveredconditionals="0" methods="1" coveredmethods="1"/>
        <line num="1" count="1" type="stmt"/>
        <line num="2" count="1" type="stmt"/>
      </file>
      <file name="06-products.js" path="C:\Users\wjonk\Documents\Github\Merch-Dropper-be\databaseOperations\seeds\06-products.js">
        <metrics statements="2" coveredstatements="2" conditionals="0" coveredconditionals="0" methods="1" coveredmethods="1"/>
        <line num="1" count="1" type="stmt"/>
        <line num="2" count="1" type="stmt"/>
      </file>
    </package>
    <package name="Merch-Dropper-be.globalMiddleware">
      <metrics statements="0" coveredstatements="0" conditionals="0" coveredconditionals="0" methods="0" coveredmethods="0"/>
      <file name="restrictedMiddleware.js" path="C:\Users\wjonk\Documents\Github\Merch-Dropper-be\globalMiddleware\restrictedMiddleware.js">
        <metrics statements="0" coveredstatements="0" conditionals="0" coveredconditionals="0" methods="0" coveredmethods="0"/>
      </file>
    </package>
  </project>
</coverage>
