{"C:\\Users\\wjonk\\Documents\\Github\\Merch-Dropper-be\\index.js": {"path":"C:\\Users\\wjonk\\Documents\\Github\\Merch-Dropper-be\\index.js","statementMap":{"0":{"start":{"line":1,"column":15},"end":{"line":1,"column":34}},"1":{"start":{"line":2,"column":15},"end":{"line":2,"column":32}},"2":{"start":{"line":3,"column":15},"end":{"line":3,"column":32}},"3":{"start":{"line":6,"column":0},"end":{"line":6,"column":47}},"4":{"start":{"line":8,"column":13},"end":{"line":8,"column":37}},"5":{"start":{"line":10,"column":12},"end":{"line":16,"column":1}},"6":{"start":{"line":18,"column":0},"end":{"line":20,"column":3}},"7":{"start":{"line":19,"column":2},"end":{"line":19,"column":77}}},"fnMap":{"0":{"name":"(anonymous_0)","decl":{"start":{"line":18,"column":33},"end":{"line":18,"column":34}},"loc":{"start":{"line":18,"column":59},"end":{"line":20,"column":1}},"line":18}},"branchMap":{"0":{"loc":{"start":{"line":8,"column":13},"end":{"line":8,"column":37}},"type":"binary-expr","locations":[{"start":{"line":8,"column":13},"end":{"line":8,"column":29}},{"start":{"line":8,"column":33},"end":{"line":8,"column":37}}],"line":8}},"s":{"0":0,"1":0,"2":0,"3":0,"4":0,"5":0,"6":0,"7":0},"f":{"0":0},"b":{"0":[0,0]},"hash":"10b1b1e904f68a6231897661a8bbdce0fd7539e7"}
,"C:\\Users\\wjonk\\Documents\\Github\\Merch-Dropper-be\\knexfile.js": {"path":"C:\\Users\\wjonk\\Documents\\Github\\Merch-Dropper-be\\knexfile.js","statementMap":{"0":{"start":{"line":1,"column":0},"end":{"line":55,"column":2}}},"fnMap":{},"branchMap":{},"s":{"0":1},"f":{},"b":{},"_coverageSchema":"43e27e138ebf9cfc5966b082cf9a028302ed4184","hash":"ed27b7cc632ea801d861c41eefc3d4f23d94a188"}
,"C:\\Users\\wjonk\\Documents\\Github\\Merch-Dropper-be\\server.js": {"path":"C:\\Users\\wjonk\\Documents\\Github\\Merch-Dropper-be\\server.js","statementMap":{"0":{"start":{"line":1,"column":16},"end":{"line":1,"column":34}},"1":{"start":{"line":2,"column":15},"end":{"line":2,"column":32}},"2":{"start":{"line":3,"column":13},"end":{"line":3,"column":28}},"3":{"start":{"line":4,"column":15},"end":{"line":4,"column":32}},"4":{"start":{"line":5,"column":15},"end":{"line":5,"column":32}},"5":{"start":{"line":8,"column":19},"end":{"line":8,"column":57}},"6":{"start":{"line":9,"column":19},"end":{"line":9,"column":72}},"7":{"start":{"line":10,"column":20},"end":{"line":10,"column":75}},"8":{"start":{"line":11,"column":20},"end":{"line":11,"column":75}},"9":{"start":{"line":12,"column":20},"end":{"line":12,"column":75}},"10":{"start":{"line":13,"column":22},"end":{"line":13,"column":80}},"11":{"start":{"line":14,"column":22},"end":{"line":14,"column":81}},"12":{"start":{"line":15,"column":22},"end":{"line":15,"column":81}},"13":{"start":{"line":17,"column":15},"end":{"line":17,"column":24}},"14":{"start":{"line":19,"column":0},"end":{"line":19,"column":21}},"15":{"start":{"line":20,"column":0},"end":{"line":20,"column":19}},"16":{"start":{"line":21,"column":0},"end":{"line":21,"column":27}},"17":{"start":{"line":23,"column":0},"end":{"line":35,"column":2}},"18":{"start":{"line":25,"column":4},"end":{"line":33,"column":16}},"19":{"start":{"line":45,"column":0},"end":{"line":45,"column":36}},"20":{"start":{"line":46,"column":0},"end":{"line":46,"column":37}},"21":{"start":{"line":47,"column":0},"end":{"line":47,"column":39}},"22":{"start":{"line":48,"column":0},"end":{"line":48,"column":39}},"23":{"start":{"line":49,"column":0},"end":{"line":49,"column":39}},"24":{"start":{"line":50,"column":0},"end":{"line":50,"column":42}},"25":{"start":{"line":51,"column":0},"end":{"line":51,"column":43}},"26":{"start":{"line":52,"column":0},"end":{"line":52,"column":43}},"27":{"start":{"line":55,"column":0},"end":{"line":57,"column":3}},"28":{"start":{"line":56,"column":2},"end":{"line":56,"column":76}},"29":{"start":{"line":59,"column":0},"end":{"line":59,"column":24}}},"fnMap":{"0":{"name":"(anonymous_0)","decl":{"start":{"line":24,"column":9},"end":{"line":24,"column":10}},"loc":{"start":{"line":24,"column":37},"end":{"line":34,"column":3}},"line":24},"1":{"name":"(anonymous_1)","decl":{"start":{"line":55,"column":16},"end":{"line":55,"column":17}},"loc":{"start":{"line":55,"column":30},"end":{"line":57,"column":1}},"line":55}},"branchMap":{},"s":{"0":1,"1":1,"2":1,"3":1,"4":1,"5":1,"6":1,"7":1,"8":1,"9":1,"10":1,"11":1,"12":1,"13":1,"14":1,"15":1,"16":1,"17":1,"18":107,"19":1,"20":1,"21":1,"22":1,"23":1,"24":1,"25":1,"26":1,"27":1,"28":3,"29":1},"f":{"0":107,"1":3},"b":{},"_coverageSchema":"43e27e138ebf9cfc5966b082cf9a028302ed4184","hash":"68fb148dabc69d9bd6bda9ed081feb74851df69b"}
,"C:\\Users\\wjonk\\Documents\\Github\\Merch-Dropper-be\\authOperations\\authRouter.js": {"path":"C:\\Users\\wjonk\\Documents\\Github\\Merch-Dropper-be\\authOperations\\authRouter.js","statementMap":{"0":{"start":{"line":1,"column":15},"end":{"line":1,"column":42}},"1":{"start":{"line":2,"column":15},"end":{"line":2,"column":34}},"2":{"start":{"line":3,"column":12},"end":{"line":3,"column":35}},"3":{"start":{"line":5,"column":15},"end":{"line":5,"column":66}},"4":{"start":{"line":7,"column":0},"end":{"line":24,"column":3}},"5":{"start":{"line":8,"column":2},"end":{"line":23,"column":3}},"6":{"start":{"line":9,"column":18},"end":{"line":9,"column":26}},"7":{"start":{"line":10,"column":17},"end":{"line":10,"column":54}},"8":{"start":{"line":11,"column":4},"end":{"line":11,"column":28}},"9":{"start":{"line":13,"column":23},"end":{"line":13,"column":50}},"10":{"start":{"line":15,"column":20},"end":{"line":15,"column":73}},"11":{"start":{"line":17,"column":4},"end":{"line":17,"column":36}},"12":{"start":{"line":19,"column":4},"end":{"line":22,"column":7}},"13":{"start":{"line":26,"column":0},"end":{"line":48,"column":3}},"14":{"start":{"line":27,"column":31},"end":{"line":27,"column":39}},"15":{"start":{"line":29,"column":2},"end":{"line":47,"column":7}},"16":{"start":{"line":32,"column":6},"end":{"line":40,"column":7}},"17":{"start":{"line":33,"column":22},"end":{"line":33,"column":41}},"18":{"start":{"line":34,"column":8},"end":{"line":37,"column":11}},"19":{"start":{"line":39,"column":8},"end":{"line":39,"column":65}},"20":{"start":{"line":44,"column":6},"end":{"line":46,"column":71}},"21":{"start":{"line":51,"column":18},"end":{"line":54,"column":3}},"22":{"start":{"line":56,"column":18},"end":{"line":58,"column":3}},"23":{"start":{"line":60,"column":2},"end":{"line":60,"column":60}},"24":{"start":{"line":63,"column":0},"end":{"line":63,"column":24}}},"fnMap":{"0":{"name":"(anonymous_0)","decl":{"start":{"line":7,"column":25},"end":{"line":7,"column":26}},"loc":{"start":{"line":7,"column":45},"end":{"line":24,"column":1}},"line":7},"1":{"name":"(anonymous_1)","decl":{"start":{"line":26,"column":22},"end":{"line":26,"column":23}},"loc":{"start":{"line":26,"column":36},"end":{"line":48,"column":1}},"line":26},"2":{"name":"(anonymous_2)","decl":{"start":{"line":31,"column":10},"end":{"line":31,"column":11}},"loc":{"start":{"line":31,"column":18},"end":{"line":41,"column":5}},"line":31},"3":{"name":"(anonymous_3)","decl":{"start":{"line":42,"column":11},"end":{"line":42,"column":12}},"loc":{"start":{"line":42,"column":20},"end":{"line":47,"column":5}},"line":42},"4":{"name":"generateToken","decl":{"start":{"line":50,"column":9},"end":{"line":50,"column":22}},"loc":{"start":{"line":50,"column":29},"end":{"line":61,"column":1}},"line":50}},"branchMap":{"0":{"loc":{"start":{"line":32,"column":6},"end":{"line":40,"column":7}},"type":"if","locations":[{"start":{"line":32,"column":6},"end":{"line":40,"column":7}},{"start":{"line":32,"column":6},"end":{"line":40,"column":7}}],"line":32},"1":{"loc":{"start":{"line":32,"column":10},"end":{"line":32,"column":61}},"type":"binary-expr","locations":[{"start":{"line":32,"column":10},"end":{"line":32,"column":14}},{"start":{"line":32,"column":18},"end":{"line":32,"column":61}}],"line":32}},"s":{"0":1,"1":1,"2":1,"3":1,"4":1,"5":2,"6":2,"7":2,"8":2,"9":2,"10":2,"11":1,"12":1,"13":1,"14":3,"15":3,"16":3,"17":1,"18":1,"19":2,"20":0,"21":1,"22":1,"23":1,"24":1},"f":{"0":2,"1":3,"2":3,"3":0,"4":1},"b":{"0":[1,2],"1":[3,2]},"_coverageSchema":"43e27e138ebf9cfc5966b082cf9a028302ed4184","hash":"bff81eb4f4dbb701104300c300374770265416b1"}
,"C:\\Users\\wjonk\\Documents\\Github\\Merch-Dropper-be\\authOperations\\authMiddleware\\verifyLoginInfo.js": {"path":"C:\\Users\\wjonk\\Documents\\Github\\Merch-Dropper-be\\authOperations\\authMiddleware\\verifyLoginInfo.js","statementMap":{},"fnMap":{},"branchMap":{},"s":{},"f":{},"b":{},"hash":"2c453d59580778b26c5b399a9bae33d1a19e8454"}
,"C:\\Users\\wjonk\\Documents\\Github\\Merch-Dropper-be\\authOperations\\authMiddleware\\verifyRegisterInfo.js": {"path":"C:\\Users\\wjonk\\Documents\\Github\\Merch-Dropper-be\\authOperations\\authMiddleware\\verifyRegisterInfo.js","statementMap":{},"fnMap":{},"branchMap":{},"s":{},"f":{},"b":{},"hash":"6c453599253d1ef218b78fa35bd4a0a71573e220"}
,"C:\\Users\\wjonk\\Documents\\Github\\Merch-Dropper-be\\crudOperations\\designOperations\\designsModel.js": {"path":"C:\\Users\\wjonk\\Documents\\Github\\Merch-Dropper-be\\crudOperations\\designOperations\\designsModel.js","statementMap":{},"fnMap":{},"branchMap":{},"s":{},"f":{},"b":{},"_coverageSchema":"43e27e138ebf9cfc5966b082cf9a028302ed4184","hash":"1ee98d2459c756a3fb068d10e5f56f2c08ec418a"}
,"C:\\Users\\wjonk\\Documents\\Github\\Merch-Dropper-be\\crudOperations\\designOperations\\designsRouter.js": {"path":"C:\\Users\\wjonk\\Documents\\Github\\Merch-Dropper-be\\crudOperations\\designOperations\\designsRouter.js","statementMap":{"0":{"start":{"line":1,"column":15},"end":{"line":1,"column":42}},"1":{"start":{"line":2,"column":16},"end":{"line":2,"column":59}},"2":{"start":{"line":3,"column":15},"end":{"line":3,"column":51}},"3":{"start":{"line":9,"column":0},"end":{"line":32,"column":3}},"4":{"start":{"line":10,"column":2},"end":{"line":31,"column":3}},"5":{"start":{"line":11,"column":17},"end":{"line":11,"column":25}},"6":{"start":{"line":12,"column":23},"end":{"line":19,"column":5}},"7":{"start":{"line":20,"column":4},"end":{"line":25,"column":5}},"8":{"start":{"line":21,"column":6},"end":{"line":21,"column":61}},"9":{"start":{"line":22,"column":6},"end":{"line":22,"column":65}},"10":{"start":{"line":24,"column":6},"end":{"line":24,"column":79}},"11":{"start":{"line":27,"column":4},"end":{"line":30,"column":7}},"12":{"start":{"line":37,"column":0},"end":{"line":46,"column":3}},"13":{"start":{"line":38,"column":2},"end":{"line":45,"column":3}},"14":{"start":{"line":39,"column":20},"end":{"line":39,"column":47}},"15":{"start":{"line":40,"column":4},"end":{"line":40,"column":34}},"16":{"start":{"line":42,"column":4},"end":{"line":44,"column":79}},"17":{"start":{"line":51,"column":0},"end":{"line":68,"column":3}},"18":{"start":{"line":52,"column":2},"end":{"line":67,"column":3}},"19":{"start":{"line":53,"column":19},"end":{"line":53,"column":69}},"20":{"start":{"line":55,"column":4},"end":{"line":61,"column":5}},"21":{"start":{"line":56,"column":6},"end":{"line":56,"column":35}},"22":{"start":{"line":58,"column":6},"end":{"line":60,"column":78}},"23":{"start":{"line":63,"column":4},"end":{"line":66,"column":7}},"24":{"start":{"line":73,"column":0},"end":{"line":92,"column":3}},"25":{"start":{"line":74,"column":2},"end":{"line":91,"column":3}},"26":{"start":{"line":75,"column":19},"end":{"line":78,"column":5}},"27":{"start":{"line":79,"column":4},"end":{"line":85,"column":5}},"28":{"start":{"line":80,"column":6},"end":{"line":82,"column":68}},"29":{"start":{"line":84,"column":6},"end":{"line":84,"column":75}},"30":{"start":{"line":87,"column":4},"end":{"line":90,"column":7}},"31":{"start":{"line":97,"column":0},"end":{"line":111,"column":3}},"32":{"start":{"line":98,"column":2},"end":{"line":110,"column":3}},"33":{"start":{"line":99,"column":18},"end":{"line":99,"column":70}},"34":{"start":{"line":100,"column":4},"end":{"line":104,"column":5}},"35":{"start":{"line":101,"column":6},"end":{"line":101,"column":73}},"36":{"start":{"line":103,"column":6},"end":{"line":103,"column":73}},"37":{"start":{"line":106,"column":4},"end":{"line":109,"column":7}},"38":{"start":{"line":114,"column":0},"end":{"line":114,"column":24}}},"fnMap":{"0":{"name":"(anonymous_0)","decl":{"start":{"line":9,"column":17},"end":{"line":9,"column":18}},"loc":{"start":{"line":9,"column":37},"end":{"line":32,"column":1}},"line":9},"1":{"name":"(anonymous_1)","decl":{"start":{"line":37,"column":16},"end":{"line":37,"column":17}},"loc":{"start":{"line":37,"column":36},"end":{"line":46,"column":1}},"line":37},"2":{"name":"(anonymous_2)","decl":{"start":{"line":51,"column":25},"end":{"line":51,"column":26}},"loc":{"start":{"line":51,"column":45},"end":{"line":68,"column":1}},"line":51},"3":{"name":"(anonymous_3)","decl":{"start":{"line":73,"column":25},"end":{"line":73,"column":26}},"loc":{"start":{"line":73,"column":45},"end":{"line":92,"column":1}},"line":73},"4":{"name":"(anonymous_4)","decl":{"start":{"line":97,"column":28},"end":{"line":97,"column":29}},"loc":{"start":{"line":97,"column":48},"end":{"line":111,"column":1}},"line":97}},"branchMap":{"0":{"loc":{"start":{"line":20,"column":4},"end":{"line":25,"column":5}},"type":"if","locations":[{"start":{"line":20,"column":4},"end":{"line":25,"column":5}},{"start":{"line":20,"column":4},"end":{"line":25,"column":5}}],"line":20},"1":{"loc":{"start":{"line":55,"column":4},"end":{"line":61,"column":5}},"type":"if","locations":[{"start":{"line":55,"column":4},"end":{"line":61,"column":5}},{"start":{"line":55,"column":4},"end":{"line":61,"column":5}}],"line":55},"2":{"loc":{"start":{"line":79,"column":4},"end":{"line":85,"column":5}},"type":"if","locations":[{"start":{"line":79,"column":4},"end":{"line":85,"column":5}},{"start":{"line":79,"column":4},"end":{"line":85,"column":5}}],"line":79},"3":{"loc":{"start":{"line":100,"column":4},"end":{"line":104,"column":5}},"type":"if","locations":[{"start":{"line":100,"column":4},"end":{"line":104,"column":5}},{"start":{"line":100,"column":4},"end":{"line":104,"column":5}}],"line":100}},"s":{"0":1,"1":1,"2":1,"3":1,"4":1,"5":1,"6":1,"7":1,"8":1,"9":1,"10":0,"11":0,"12":1,"13":1,"14":1,"15":1,"16":0,"17":1,"18":3,"19":3,"20":3,"21":1,"22":2,"23":0,"24":1,"25":3,"26":3,"27":3,"28":1,"29":2,"30":0,"31":1,"32":3,"33":3,"34":3,"35":1,"36":2,"37":0,"38":1},"f":{"0":1,"1":1,"2":3,"3":3,"4":3},"b":{"0":[1,0],"1":[1,2],"2":[1,2],"3":[1,2]},"_coverageSchema":"43e27e138ebf9cfc5966b082cf9a028302ed4184","hash":"5c0075b41e4c6485a40c8f9200ffa5a80cb670f9"}
,"C:\\Users\\wjonk\\Documents\\Github\\Merch-Dropper-be\\crudOperations\\helperVariables\\headers.js": {"path":"C:\\Users\\wjonk\\Documents\\Github\\Merch-Dropper-be\\crudOperations\\helperVariables\\headers.js","statementMap":{"0":{"start":{"line":1,"column":16},"end":{"line":6,"column":1}},"1":{"start":{"line":7,"column":0},"end":{"line":7,"column":26}}},"fnMap":{},"branchMap":{},"s":{"0":0,"1":0},"f":{},"b":{},"hash":"5bfbf2aa4b5d4ba4d787ccf3d964e11fd0d52092"}
,"C:\\Users\\wjonk\\Documents\\Github\\Merch-Dropper-be\\crudOperations\\helperVariables\\models.js": {"path":"C:\\Users\\wjonk\\Documents\\Github\\Merch-Dropper-be\\crudOperations\\helperVariables\\models.js","statementMap":{"0":{"start":{"line":1,"column":11},"end":{"line":1,"column":56}},"1":{"start":{"line":5,"column":4},"end":{"line":5,"column":31}},"2":{"start":{"line":9,"column":4},"end":{"line":14,"column":9}},"3":{"start":{"line":12,"column":21},"end":{"line":12,"column":24}},"4":{"start":{"line":13,"column":8},"end":{"line":13,"column":33}},"5":{"start":{"line":18,"column":4},"end":{"line":18,"column":42}},"6":{"start":{"line":22,"column":4},"end":{"line":25,"column":15}},"7":{"start":{"line":29,"column":4},"end":{"line":32,"column":15}},"8":{"start":{"line":36,"column":4},"end":{"line":39,"column":15}},"9":{"start":{"line":43,"column":4},"end":{"line":46,"column":15}},"10":{"start":{"line":50,"column":4},"end":{"line":53,"column":15}},"11":{"start":{"line":66,"column":4},"end":{"line":75,"column":9}},"12":{"start":{"line":70,"column":8},"end":{"line":74,"column":9}},"13":{"start":{"line":71,"column":10},"end":{"line":71,"column":35}},"14":{"start":{"line":73,"column":10},"end":{"line":73,"column":22}},"15":{"start":{"line":79,"column":4},"end":{"line":88,"column":9}},"16":{"start":{"line":83,"column":8},"end":{"line":87,"column":9}},"17":{"start":{"line":84,"column":10},"end":{"line":84,"column":47}},"18":{"start":{"line":86,"column":10},"end":{"line":86,"column":22}},"19":{"start":{"line":92,"column":4},"end":{"line":101,"column":9}},"20":{"start":{"line":96,"column":8},"end":{"line":100,"column":9}},"21":{"start":{"line":97,"column":10},"end":{"line":97,"column":51}},"22":{"start":{"line":99,"column":10},"end":{"line":99,"column":22}},"23":{"start":{"line":105,"column":4},"end":{"line":114,"column":9}},"24":{"start":{"line":109,"column":8},"end":{"line":113,"column":9}},"25":{"start":{"line":110,"column":10},"end":{"line":110,"column":44}},"26":{"start":{"line":112,"column":10},"end":{"line":112,"column":22}},"27":{"start":{"line":118,"column":4},"end":{"line":120,"column":13}},"28":{"start":{"line":124,"column":4},"end":{"line":126,"column":13}},"29":{"start":{"line":130,"column":4},"end":{"line":132,"column":13}},"30":{"start":{"line":136,"column":4},"end":{"line":138,"column":13}},"31":{"start":{"line":142,"column":4},"end":{"line":144,"column":13}},"32":{"start":{"line":148,"column":14},"end":{"line":148,"column":32}},"33":{"start":{"line":149,"column":15},"end":{"line":149,"column":34}},"34":{"start":{"line":150,"column":16},"end":{"line":150,"column":36}},"35":{"start":{"line":151,"column":15},"end":{"line":151,"column":34}},"36":{"start":{"line":152,"column":15},"end":{"line":152,"column":34}},"37":{"start":{"line":153,"column":17},"end":{"line":153,"column":38}},"38":{"start":{"line":158,"column":22},"end":{"line":160,"column":18}},"39":{"start":{"line":162,"column":2},"end":{"line":162,"column":19}},"40":{"start":{"line":165,"column":0},"end":{"line":165,"column":80}}},"fnMap":{"0":{"name":"(anonymous_0)","decl":{"start":{"line":4,"column":2},"end":{"line":4,"column":3}},"loc":{"start":{"line":4,"column":25},"end":{"line":6,"column":3}},"line":4},"1":{"name":"(anonymous_1)","decl":{"start":{"line":8,"column":2},"end":{"line":8,"column":3}},"loc":{"start":{"line":8,"column":18},"end":{"line":15,"column":3}},"line":8},"2":{"name":"(anonymous_2)","decl":{"start":{"line":11,"column":12},"end":{"line":11,"column":13}},"loc":{"start":{"line":11,"column":19},"end":{"line":14,"column":7}},"line":11},"3":{"name":"(anonymous_3)","decl":{"start":{"line":17,"column":2},"end":{"line":17,"column":3}},"loc":{"start":{"line":17,"column":9},"end":{"line":19,"column":3}},"line":17},"4":{"name":"(anonymous_4)","decl":{"start":{"line":21,"column":2},"end":{"line":21,"column":3}},"loc":{"start":{"line":21,"column":15},"end":{"line":26,"column":3}},"line":21},"5":{"name":"(anonymous_5)","decl":{"start":{"line":28,"column":2},"end":{"line":28,"column":3}},"loc":{"start":{"line":28,"column":24},"end":{"line":33,"column":3}},"line":28},"6":{"name":"(anonymous_6)","decl":{"start":{"line":35,"column":2},"end":{"line":35,"column":3}},"loc":{"start":{"line":35,"column":31},"end":{"line":40,"column":3}},"line":35},"7":{"name":"(anonymous_7)","decl":{"start":{"line":42,"column":2},"end":{"line":42,"column":3}},"loc":{"start":{"line":42,"column":27},"end":{"line":47,"column":3}},"line":42},"8":{"name":"(anonymous_8)","decl":{"start":{"line":49,"column":2},"end":{"line":49,"column":3}},"loc":{"start":{"line":49,"column":30},"end":{"line":54,"column":3}},"line":49},"9":{"name":"(anonymous_9)","decl":{"start":{"line":65,"column":2},"end":{"line":65,"column":3}},"loc":{"start":{"line":65,"column":26},"end":{"line":76,"column":3}},"line":65},"10":{"name":"(anonymous_10)","decl":{"start":{"line":69,"column":12},"end":{"line":69,"column":13}},"loc":{"start":{"line":69,"column":27},"end":{"line":75,"column":7}},"line":69},"11":{"name":"(anonymous_11)","decl":{"start":{"line":78,"column":2},"end":{"line":78,"column":3}},"loc":{"start":{"line":78,"column":38},"end":{"line":89,"column":3}},"line":78},"12":{"name":"(anonymous_12)","decl":{"start":{"line":82,"column":12},"end":{"line":82,"column":13}},"loc":{"start":{"line":82,"column":27},"end":{"line":88,"column":7}},"line":82},"13":{"name":"(anonymous_13)","decl":{"start":{"line":91,"column":2},"end":{"line":91,"column":3}},"loc":{"start":{"line":91,"column":42},"end":{"line":102,"column":3}},"line":91},"14":{"name":"(anonymous_14)","decl":{"start":{"line":95,"column":12},"end":{"line":95,"column":13}},"loc":{"start":{"line":95,"column":27},"end":{"line":101,"column":7}},"line":95},"15":{"name":"(anonymous_15)","decl":{"start":{"line":104,"column":2},"end":{"line":104,"column":3}},"loc":{"start":{"line":104,"column":40},"end":{"line":115,"column":3}},"line":104},"16":{"name":"(anonymous_16)","decl":{"start":{"line":108,"column":12},"end":{"line":108,"column":13}},"loc":{"start":{"line":108,"column":21},"end":{"line":114,"column":7}},"line":108},"17":{"name":"(anonymous_17)","decl":{"start":{"line":117,"column":2},"end":{"line":117,"column":3}},"loc":{"start":{"line":117,"column":17},"end":{"line":121,"column":3}},"line":117},"18":{"name":"(anonymous_18)","decl":{"start":{"line":123,"column":2},"end":{"line":123,"column":3}},"loc":{"start":{"line":123,"column":33},"end":{"line":127,"column":3}},"line":123},"19":{"name":"(anonymous_19)","decl":{"start":{"line":129,"column":2},"end":{"line":129,"column":3}},"loc":{"start":{"line":129,"column":29},"end":{"line":133,"column":3}},"line":129},"20":{"name":"(anonymous_20)","decl":{"start":{"line":135,"column":2},"end":{"line":135,"column":3}},"loc":{"start":{"line":135,"column":32},"end":{"line":139,"column":3}},"line":135},"21":{"name":"(anonymous_21)","decl":{"start":{"line":141,"column":2},"end":{"line":141,"column":3}},"loc":{"start":{"line":141,"column":31},"end":{"line":145,"column":3}},"line":141},"22":{"name":"addEntry","decl":{"start":{"line":157,"column":15},"end":{"line":157,"column":23}},"loc":{"start":{"line":157,"column":56},"end":{"line":163,"column":1}},"line":157}},"branchMap":{"0":{"loc":{"start":{"line":70,"column":8},"end":{"line":74,"column":9}},"type":"if","locations":[{"start":{"line":70,"column":8},"end":{"line":74,"column":9}},{"start":{"line":70,"column":8},"end":{"line":74,"column":9}}],"line":70},"1":{"loc":{"start":{"line":83,"column":8},"end":{"line":87,"column":9}},"type":"if","locations":[{"start":{"line":83,"column":8},"end":{"line":87,"column":9}},{"start":{"line":83,"column":8},"end":{"line":87,"column":9}}],"line":83},"2":{"loc":{"start":{"line":96,"column":8},"end":{"line":100,"column":9}},"type":"if","locations":[{"start":{"line":96,"column":8},"end":{"line":100,"column":9}},{"start":{"line":96,"column":8},"end":{"line":100,"column":9}}],"line":96},"3":{"loc":{"start":{"line":109,"column":8},"end":{"line":113,"column":9}},"type":"if","locations":[{"start":{"line":109,"column":8},"end":{"line":113,"column":9}},{"start":{"line":109,"column":8},"end":{"line":113,"column":9}}],"line":109}},"s":{"0":1,"1":6,"2":2,"3":2,"4":2,"5":6,"6":25,"7":4,"8":5,"9":7,"10":3,"11":15,"12":15,"13":5,"14":10,"15":3,"16":3,"17":1,"18":2,"19":6,"20":6,"21":2,"22":4,"23":3,"24":3,"25":1,"26":2,"27":12,"28":6,"29":3,"30":3,"31":3,"32":1,"33":1,"34":1,"35":1,"36":1,"37":1,"38":5,"39":3,"40":1},"f":{"0":6,"1":2,"2":2,"3":6,"4":25,"5":4,"6":5,"7":7,"8":3,"9":15,"10":15,"11":3,"12":3,"13":6,"14":6,"15":3,"16":3,"17":12,"18":6,"19":3,"20":3,"21":3,"22":5},"b":{"0":[5,10],"1":[1,2],"2":[2,4],"3":[1,2]},"_coverageSchema":"43e27e138ebf9cfc5966b082cf9a028302ed4184","hash":"8abe8a09fb4546015ba7f06d9c03903467a94f6d"}
,"C:\\Users\\wjonk\\Documents\\Github\\Merch-Dropper-be\\crudOperations\\helperVariables\\orderHelpers.js": {"path":"C:\\Users\\wjonk\\Documents\\Github\\Merch-Dropper-be\\crudOperations\\helperVariables\\orderHelpers.js","statementMap":{},"fnMap":{},"branchMap":{},"s":{},"f":{},"b":{},"hash":"896fc943e5861e29199fbe03a3268e595183da30"}
,"C:\\Users\\wjonk\\Documents\\Github\\Merch-Dropper-be\\crudOperations\\orderOperations\\orderModel.js": {"path":"C:\\Users\\wjonk\\Documents\\Github\\Merch-Dropper-be\\crudOperations\\orderOperations\\orderModel.js","statementMap":{"0":{"start":{"line":1,"column":14},"end":{"line":1,"column":30}},"1":{"start":{"line":3,"column":0},"end":{"line":5,"column":2}},"2":{"start":{"line":8,"column":15},"end":{"line":13,"column":3}},"3":{"start":{"line":14,"column":2},"end":{"line":21,"column":3}},"4":{"start":{"line":15,"column":18},"end":{"line":19,"column":5}},"5":{"start":{"line":20,"column":4},"end":{"line":20,"column":22}}},"fnMap":{"0":{"name":"orderMaker","decl":{"start":{"line":7,"column":15},"end":{"line":7,"column":25}},"loc":{"start":{"line":7,"column":32},"end":{"line":22,"column":1}},"line":7}},"branchMap":{"0":{"loc":{"start":{"line":14,"column":2},"end":{"line":21,"column":3}},"type":"if","locations":[{"start":{"line":14,"column":2},"end":{"line":21,"column":3}},{"start":{"line":14,"column":2},"end":{"line":21,"column":3}}],"line":14}},"s":{"0":1,"1":1,"2":0,"3":0,"4":0,"5":0},"f":{"0":0},"b":{"0":[0,0]},"_coverageSchema":"43e27e138ebf9cfc5966b082cf9a028302ed4184","hash":"d0be6520124c32fa65b429def347c51812db3476"}
,"C:\\Users\\wjonk\\Documents\\Github\\Merch-Dropper-be\\crudOperations\\orderOperations\\orderRouter.js": {"path":"C:\\Users\\wjonk\\Documents\\Github\\Merch-Dropper-be\\crudOperations\\orderOperations\\orderRouter.js","statementMap":{"0":{"start":{"line":1,"column":15},"end":{"line":1,"column":42}},"1":{"start":{"line":2,"column":15},"end":{"line":2,"column":55}},"2":{"start":{"line":3,"column":15},"end":{"line":3,"column":51}},"3":{"start":{"line":10,"column":0},"end":{"line":49,"column":3}},"4":{"start":{"line":11,"column":2},"end":{"line":48,"column":3}},"5":{"start":{"line":12,"column":15},"end":{"line":12,"column":23}},"6":{"start":{"line":13,"column":4},"end":{"line":38,"column":5}},"7":{"start":{"line":14,"column":25},"end":{"line":14,"column":61}},"8":{"start":{"line":15,"column":6},"end":{"line":37,"column":7}},"9":{"start":{"line":16,"column":20},"end":{"line":29,"column":9}},"10":{"start":{"line":30,"column":8},"end":{"line":30,"column":36}},"11":{"start":{"line":31,"column":8},"end":{"line":36,"column":11}},"12":{"start":{"line":44,"column":4},"end":{"line":47,"column":7}},"13":{"start":{"line":54,"column":0},"end":{"line":63,"column":3}},"14":{"start":{"line":55,"column":2},"end":{"line":62,"column":3}},"15":{"start":{"line":56,"column":19},"end":{"line":56,"column":45}},"16":{"start":{"line":57,"column":4},"end":{"line":57,"column":33}},"17":{"start":{"line":59,"column":4},"end":{"line":61,"column":78}},"18":{"start":{"line":68,"column":0},"end":{"line":84,"column":3}},"19":{"start":{"line":69,"column":2},"end":{"line":83,"column":3}},"20":{"start":{"line":70,"column":18},"end":{"line":70,"column":61}},"21":{"start":{"line":71,"column":4},"end":{"line":77,"column":5}},"22":{"start":{"line":72,"column":6},"end":{"line":72,"column":34}},"23":{"start":{"line":74,"column":6},"end":{"line":76,"column":77}},"24":{"start":{"line":79,"column":4},"end":{"line":82,"column":7}},"25":{"start":{"line":89,"column":0},"end":{"line":105,"column":3}},"26":{"start":{"line":90,"column":2},"end":{"line":104,"column":3}},"27":{"start":{"line":91,"column":18},"end":{"line":91,"column":70}},"28":{"start":{"line":92,"column":4},"end":{"line":98,"column":5}},"29":{"start":{"line":93,"column":6},"end":{"line":93,"column":61}},"30":{"start":{"line":95,"column":6},"end":{"line":97,"column":77}},"31":{"start":{"line":100,"column":4},"end":{"line":103,"column":7}},"32":{"start":{"line":110,"column":0},"end":{"line":126,"column":3}},"33":{"start":{"line":111,"column":2},"end":{"line":125,"column":3}},"34":{"start":{"line":112,"column":18},"end":{"line":112,"column":77}},"35":{"start":{"line":113,"column":4},"end":{"line":119,"column":5}},"36":{"start":{"line":114,"column":6},"end":{"line":114,"column":61}},"37":{"start":{"line":116,"column":6},"end":{"line":118,"column":77}},"38":{"start":{"line":121,"column":4},"end":{"line":124,"column":7}},"39":{"start":{"line":131,"column":0},"end":{"line":146,"column":3}},"40":{"start":{"line":132,"column":2},"end":{"line":145,"column":3}},"41":{"start":{"line":133,"column":18},"end":{"line":133,"column":73}},"42":{"start":{"line":135,"column":4},"end":{"line":139,"column":5}},"43":{"start":{"line":136,"column":6},"end":{"line":136,"column":79}},"44":{"start":{"line":138,"column":6},"end":{"line":138,"column":74}},"45":{"start":{"line":141,"column":4},"end":{"line":144,"column":7}},"46":{"start":{"line":151,"column":0},"end":{"line":168,"column":3}},"47":{"start":{"line":152,"column":2},"end":{"line":167,"column":3}},"48":{"start":{"line":153,"column":18},"end":{"line":156,"column":5}},"49":{"start":{"line":157,"column":4},"end":{"line":161,"column":5}},"50":{"start":{"line":158,"column":6},"end":{"line":158,"column":79}},"51":{"start":{"line":160,"column":6},"end":{"line":160,"column":74}},"52":{"start":{"line":163,"column":4},"end":{"line":166,"column":7}},"53":{"start":{"line":173,"column":0},"end":{"line":190,"column":3}},"54":{"start":{"line":174,"column":2},"end":{"line":189,"column":3}},"55":{"start":{"line":175,"column":18},"end":{"line":178,"column":5}},"56":{"start":{"line":179,"column":4},"end":{"line":183,"column":5}},"57":{"start":{"line":180,"column":6},"end":{"line":180,"column":79}},"58":{"start":{"line":182,"column":6},"end":{"line":182,"column":74}},"59":{"start":{"line":185,"column":4},"end":{"line":188,"column":7}},"60":{"start":{"line":195,"column":0},"end":{"line":209,"column":3}},"61":{"start":{"line":196,"column":2},"end":{"line":208,"column":3}},"62":{"start":{"line":197,"column":18},"end":{"line":197,"column":63}},"63":{"start":{"line":198,"column":4},"end":{"line":202,"column":5}},"64":{"start":{"line":199,"column":6},"end":{"line":199,"column":72}},"65":{"start":{"line":201,"column":6},"end":{"line":201,"column":72}},"66":{"start":{"line":204,"column":4},"end":{"line":207,"column":7}},"67":{"start":{"line":214,"column":0},"end":{"line":228,"column":3}},"68":{"start":{"line":215,"column":2},"end":{"line":227,"column":3}},"69":{"start":{"line":216,"column":18},"end":{"line":216,"column":79}},"70":{"start":{"line":217,"column":4},"end":{"line":221,"column":5}},"71":{"start":{"line":218,"column":6},"end":{"line":218,"column":72}},"72":{"start":{"line":220,"column":6},"end":{"line":220,"column":75}},"73":{"start":{"line":223,"column":4},"end":{"line":226,"column":7}},"74":{"start":{"line":233,"column":0},"end":{"line":249,"column":3}},"75":{"start":{"line":234,"column":2},"end":{"line":248,"column":3}},"76":{"start":{"line":235,"column":18},"end":{"line":235,"column":77}},"77":{"start":{"line":236,"column":4},"end":{"line":242,"column":5}},"78":{"start":{"line":237,"column":6},"end":{"line":237,"column":72}},"79":{"start":{"line":239,"column":6},"end":{"line":241,"column":74}},"80":{"start":{"line":244,"column":4},"end":{"line":247,"column":7}},"81":{"start":{"line":252,"column":0},"end":{"line":252,"column":24}}},"fnMap":{"0":{"name":"(anonymous_0)","decl":{"start":{"line":10,"column":17},"end":{"line":10,"column":18}},"loc":{"start":{"line":10,"column":37},"end":{"line":49,"column":1}},"line":10},"1":{"name":"(anonymous_1)","decl":{"start":{"line":54,"column":16},"end":{"line":54,"column":17}},"loc":{"start":{"line":54,"column":36},"end":{"line":63,"column":1}},"line":54},"2":{"name":"(anonymous_2)","decl":{"start":{"line":68,"column":19},"end":{"line":68,"column":20}},"loc":{"start":{"line":68,"column":39},"end":{"line":84,"column":1}},"line":68},"3":{"name":"(anonymous_3)","decl":{"start":{"line":89,"column":36},"end":{"line":89,"column":37}},"loc":{"start":{"line":89,"column":56},"end":{"line":105,"column":1}},"line":89},"4":{"name":"(anonymous_4)","decl":{"start":{"line":110,"column":38},"end":{"line":110,"column":39}},"loc":{"start":{"line":110,"column":58},"end":{"line":126,"column":1}},"line":110},"5":{"name":"(anonymous_5)","decl":{"start":{"line":131,"column":19},"end":{"line":131,"column":20}},"loc":{"start":{"line":131,"column":39},"end":{"line":146,"column":1}},"line":131},"6":{"name":"(anonymous_6)","decl":{"start":{"line":151,"column":38},"end":{"line":151,"column":39}},"loc":{"start":{"line":151,"column":58},"end":{"line":168,"column":1}},"line":151},"7":{"name":"(anonymous_7)","decl":{"start":{"line":173,"column":36},"end":{"line":173,"column":37}},"loc":{"start":{"line":173,"column":56},"end":{"line":190,"column":1}},"line":173},"8":{"name":"(anonymous_8)","decl":{"start":{"line":195,"column":22},"end":{"line":195,"column":23}},"loc":{"start":{"line":195,"column":42},"end":{"line":209,"column":1}},"line":195},"9":{"name":"(anonymous_9)","decl":{"start":{"line":214,"column":41},"end":{"line":214,"column":42}},"loc":{"start":{"line":214,"column":61},"end":{"line":228,"column":1}},"line":214},"10":{"name":"(anonymous_10)","decl":{"start":{"line":233,"column":39},"end":{"line":233,"column":40}},"loc":{"start":{"line":233,"column":59},"end":{"line":249,"column":1}},"line":233}},"branchMap":{"0":{"loc":{"start":{"line":13,"column":4},"end":{"line":38,"column":5}},"type":"if","locations":[{"start":{"line":13,"column":4},"end":{"line":38,"column":5}},{"start":{"line":13,"column":4},"end":{"line":38,"column":5}}],"line":13},"1":{"loc":{"start":{"line":15,"column":6},"end":{"line":37,"column":7}},"type":"if","locations":[{"start":{"line":15,"column":6},"end":{"line":37,"column":7}},{"start":{"line":15,"column":6},"end":{"line":37,"column":7}}],"line":15},"2":{"loc":{"start":{"line":71,"column":4},"end":{"line":77,"column":5}},"type":"if","locations":[{"start":{"line":71,"column":4},"end":{"line":77,"column":5}},{"start":{"line":71,"column":4},"end":{"line":77,"column":5}}],"line":71},"3":{"loc":{"start":{"line":92,"column":4},"end":{"line":98,"column":5}},"type":"if","locations":[{"start":{"line":92,"column":4},"end":{"line":98,"column":5}},{"start":{"line":92,"column":4},"end":{"line":98,"column":5}}],"line":92},"4":{"loc":{"start":{"line":113,"column":4},"end":{"line":119,"column":5}},"type":"if","locations":[{"start":{"line":113,"column":4},"end":{"line":119,"column":5}},{"start":{"line":113,"column":4},"end":{"line":119,"column":5}}],"line":113},"5":{"loc":{"start":{"line":135,"column":4},"end":{"line":139,"column":5}},"type":"if","locations":[{"start":{"line":135,"column":4},"end":{"line":139,"column":5}},{"start":{"line":135,"column":4},"end":{"line":139,"column":5}}],"line":135},"6":{"loc":{"start":{"line":157,"column":4},"end":{"line":161,"column":5}},"type":"if","locations":[{"start":{"line":157,"column":4},"end":{"line":161,"column":5}},{"start":{"line":157,"column":4},"end":{"line":161,"column":5}}],"line":157},"7":{"loc":{"start":{"line":179,"column":4},"end":{"line":183,"column":5}},"type":"if","locations":[{"start":{"line":179,"column":4},"end":{"line":183,"column":5}},{"start":{"line":179,"column":4},"end":{"line":183,"column":5}}],"line":179},"8":{"loc":{"start":{"line":198,"column":4},"end":{"line":202,"column":5}},"type":"if","locations":[{"start":{"line":198,"column":4},"end":{"line":202,"column":5}},{"start":{"line":198,"column":4},"end":{"line":202,"column":5}}],"line":198},"9":{"loc":{"start":{"line":217,"column":4},"end":{"line":221,"column":5}},"type":"if","locations":[{"start":{"line":217,"column":4},"end":{"line":221,"column":5}},{"start":{"line":217,"column":4},"end":{"line":221,"column":5}}],"line":217},"10":{"loc":{"start":{"line":236,"column":4},"end":{"line":242,"column":5}},"type":"if","locations":[{"start":{"line":236,"column":4},"end":{"line":242,"column":5}},{"start":{"line":236,"column":4},"end":{"line":242,"column":5}}],"line":236}},"s":{"0":1,"1":1,"2":1,"3":1,"4":0,"5":0,"6":0,"7":0,"8":0,"9":0,"10":0,"11":0,"12":0,"13":1,"14":1,"15":1,"16":1,"17":0,"18":1,"19":3,"20":3,"21":3,"22":1,"23":2,"24":0,"25":1,"26":3,"27":3,"28":3,"29":1,"30":2,"31":0,"32":1,"33":3,"34":3,"35":3,"36":1,"37":2,"38":0,"39":1,"40":3,"41":3,"42":3,"43":1,"44":2,"45":0,"46":1,"47":3,"48":3,"49":3,"50":1,"51":2,"52":0,"53":1,"54":3,"55":3,"56":3,"57":1,"58":2,"59":0,"60":1,"61":3,"62":3,"63":3,"64":1,"65":2,"66":0,"67":1,"68":3,"69":3,"70":3,"71":1,"72":2,"73":0,"74":1,"75":3,"76":3,"77":3,"78":1,"79":2,"80":0,"81":1},"f":{"0":0,"1":1,"2":3,"3":3,"4":3,"5":3,"6":3,"7":3,"8":3,"9":3,"10":3},"b":{"0":[0,0],"1":[0,0],"2":[1,2],"3":[1,2],"4":[1,2],"5":[1,2],"6":[1,2],"7":[1,2],"8":[1,2],"9":[1,2],"10":[1,2]},"_coverageSchema":"43e27e138ebf9cfc5966b082cf9a028302ed4184","hash":"d19dafb31e6e6e1e04c0ea1fa027229f4235ff10"}
,"C:\\Users\\wjonk\\Documents\\Github\\Merch-Dropper-be\\crudOperations\\paymentOperations\\paymentRouter.js": {"path":"C:\\Users\\wjonk\\Documents\\Github\\Merch-Dropper-be\\crudOperations\\paymentOperations\\paymentRouter.js","statementMap":{"0":{"start":{"line":1,"column":15},"end":{"line":1,"column":42}},"1":{"start":{"line":3,"column":0},"end":{"line":3,"column":101}},"2":{"start":{"line":3,"column":43},"end":{"line":3,"column":101}},"3":{"start":{"line":5,"column":15},"end":{"line":5,"column":68}},"4":{"start":{"line":8,"column":0},"end":{"line":24,"column":2}},"5":{"start":{"line":9,"column":17},"end":{"line":13,"column":5}},"6":{"start":{"line":15,"column":4},"end":{"line":22,"column":6}},"7":{"start":{"line":16,"column":8},"end":{"line":21,"column":9}},"8":{"start":{"line":17,"column":12},"end":{"line":17,"column":55}},"9":{"start":{"line":18,"column":12},"end":{"line":18,"column":34}},"10":{"start":{"line":20,"column":12},"end":{"line":20,"column":56}},"11":{"start":{"line":29,"column":0},"end":{"line":29,"column":24}}},"fnMap":{"0":{"name":"(anonymous_0)","decl":{"start":{"line":8,"column":17},"end":{"line":8,"column":18}},"loc":{"start":{"line":8,"column":31},"end":{"line":24,"column":1}},"line":8},"1":{"name":"(anonymous_1)","decl":{"start":{"line":15,"column":32},"end":{"line":15,"column":33}},"loc":{"start":{"line":15,"column":58},"end":{"line":22,"column":5}},"line":15}},"branchMap":{"0":{"loc":{"start":{"line":3,"column":0},"end":{"line":3,"column":101}},"type":"if","locations":[{"start":{"line":3,"column":0},"end":{"line":3,"column":101}},{"start":{"line":3,"column":0},"end":{"line":3,"column":101}}],"line":3},"1":{"loc":{"start":{"line":16,"column":8},"end":{"line":21,"column":9}},"type":"if","locations":[{"start":{"line":16,"column":8},"end":{"line":21,"column":9}},{"start":{"line":16,"column":8},"end":{"line":21,"column":9}}],"line":16}},"s":{"0":1,"1":1,"2":1,"3":1,"4":1,"5":0,"6":0,"7":0,"8":0,"9":0,"10":0,"11":1},"f":{"0":0,"1":0},"b":{"0":[1,0],"1":[0,0]},"_coverageSchema":"43e27e138ebf9cfc5966b082cf9a028302ed4184","hash":"d94f8955cb7142da5fca533163669aff4714d0a1"}
,"C:\\Users\\wjonk\\Documents\\Github\\Merch-Dropper-be\\crudOperations\\productOperations\\productModel.js": {"path":"C:\\Users\\wjonk\\Documents\\Github\\Merch-Dropper-be\\crudOperations\\productOperations\\productModel.js","statementMap":{"0":{"start":{"line":1,"column":11},"end":{"line":1,"column":56}},"1":{"start":{"line":2,"column":14},"end":{"line":2,"column":30}},"2":{"start":{"line":3,"column":0},"end":{"line":5,"column":2}},"3":{"start":{"line":8,"column":15},"end":{"line":13,"column":3}},"4":{"start":{"line":15,"column":2},"end":{"line":23,"column":3}},"5":{"start":{"line":16,"column":22},"end":{"line":20,"column":5}},"6":{"start":{"line":21,"column":14},"end":{"line":21,"column":32}},"7":{"start":{"line":22,"column":4},"end":{"line":22,"column":15}}},"fnMap":{"0":{"name":"ShirtMaker","decl":{"start":{"line":7,"column":15},"end":{"line":7,"column":25}},"loc":{"start":{"line":7,"column":32},"end":{"line":24,"column":1}},"line":7}},"branchMap":{"0":{"loc":{"start":{"line":15,"column":2},"end":{"line":23,"column":3}},"type":"if","locations":[{"start":{"line":15,"column":2},"end":{"line":23,"column":3}},{"start":{"line":15,"column":2},"end":{"line":23,"column":3}}],"line":15}},"s":{"0":1,"1":1,"2":1,"3":2,"4":2,"5":2,"6":1,"7":1},"f":{"0":2},"b":{"0":[2,0]},"_coverageSchema":"43e27e138ebf9cfc5966b082cf9a028302ed4184","hash":"1149eedea07931f3257532fbc62bc675901be1bb"}
,"C:\\Users\\wjonk\\Documents\\Github\\Merch-Dropper-be\\crudOperations\\productOperations\\productRouter.js": {"path":"C:\\Users\\wjonk\\Documents\\Github\\Merch-Dropper-be\\crudOperations\\productOperations\\productRouter.js","statementMap":{"0":{"start":{"line":1,"column":15},"end":{"line":1,"column":42}},"1":{"start":{"line":2,"column":17},"end":{"line":2,"column":42}},"2":{"start":{"line":3,"column":15},"end":{"line":3,"column":51}},"3":{"start":{"line":10,"column":0},"end":{"line":41,"column":3}},"4":{"start":{"line":11,"column":2},"end":{"line":40,"column":3}},"5":{"start":{"line":12,"column":18},"end":{"line":12,"column":26}},"6":{"start":{"line":13,"column":23},"end":{"line":21,"column":5}},"7":{"start":{"line":22,"column":4},"end":{"line":30,"column":5}},"8":{"start":{"line":23,"column":25},"end":{"line":27,"column":7}},"9":{"start":{"line":29,"column":6},"end":{"line":29,"column":41}},"10":{"start":{"line":36,"column":4},"end":{"line":39,"column":7}},"11":{"start":{"line":46,"column":0},"end":{"line":69,"column":3}},"12":{"start":{"line":47,"column":2},"end":{"line":68,"column":3}},"13":{"start":{"line":48,"column":15},"end":{"line":48,"column":23}},"14":{"start":{"line":50,"column":4},"end":{"line":59,"column":5}},"15":{"start":{"line":51,"column":18},"end":{"line":51,"column":49}},"16":{"start":{"line":53,"column":6},"end":{"line":58,"column":7}},"17":{"start":{"line":54,"column":8},"end":{"line":57,"column":11}},"18":{"start":{"line":64,"column":4},"end":{"line":67,"column":7}},"19":{"start":{"line":74,"column":0},"end":{"line":83,"column":3}},"20":{"start":{"line":75,"column":2},"end":{"line":82,"column":3}},"21":{"start":{"line":76,"column":21},"end":{"line":76,"column":49}},"22":{"start":{"line":77,"column":4},"end":{"line":77,"column":35}},"23":{"start":{"line":79,"column":4},"end":{"line":81,"column":80}},"24":{"start":{"line":88,"column":0},"end":{"line":102,"column":3}},"25":{"start":{"line":89,"column":2},"end":{"line":101,"column":3}},"26":{"start":{"line":90,"column":20},"end":{"line":90,"column":65}},"27":{"start":{"line":91,"column":4},"end":{"line":95,"column":5}},"28":{"start":{"line":92,"column":6},"end":{"line":92,"column":36}},"29":{"start":{"line":94,"column":6},"end":{"line":94,"column":76}},"30":{"start":{"line":97,"column":4},"end":{"line":100,"column":7}},"31":{"start":{"line":107,"column":0},"end":{"line":124,"column":3}},"32":{"start":{"line":108,"column":2},"end":{"line":123,"column":3}},"33":{"start":{"line":109,"column":20},"end":{"line":109,"column":77}},"34":{"start":{"line":110,"column":4},"end":{"line":110,"column":25}},"35":{"start":{"line":111,"column":4},"end":{"line":117,"column":5}},"36":{"start":{"line":112,"column":6},"end":{"line":114,"column":70}},"37":{"start":{"line":116,"column":6},"end":{"line":116,"column":76}},"38":{"start":{"line":119,"column":4},"end":{"line":122,"column":7}},"39":{"start":{"line":129,"column":0},"end":{"line":143,"column":3}},"40":{"start":{"line":130,"column":2},"end":{"line":142,"column":3}},"41":{"start":{"line":131,"column":18},"end":{"line":131,"column":65}},"42":{"start":{"line":132,"column":4},"end":{"line":136,"column":5}},"43":{"start":{"line":133,"column":6},"end":{"line":133,"column":74}},"44":{"start":{"line":135,"column":6},"end":{"line":135,"column":74}},"45":{"start":{"line":138,"column":4},"end":{"line":141,"column":7}},"46":{"start":{"line":146,"column":0},"end":{"line":146,"column":24}}},"fnMap":{"0":{"name":"(anonymous_0)","decl":{"start":{"line":10,"column":17},"end":{"line":10,"column":18}},"loc":{"start":{"line":10,"column":37},"end":{"line":41,"column":1}},"line":10},"1":{"name":"(anonymous_1)","decl":{"start":{"line":46,"column":23},"end":{"line":46,"column":24}},"loc":{"start":{"line":46,"column":43},"end":{"line":69,"column":1}},"line":46},"2":{"name":"(anonymous_2)","decl":{"start":{"line":74,"column":16},"end":{"line":74,"column":17}},"loc":{"start":{"line":74,"column":36},"end":{"line":83,"column":1}},"line":74},"3":{"name":"(anonymous_3)","decl":{"start":{"line":88,"column":19},"end":{"line":88,"column":20}},"loc":{"start":{"line":88,"column":39},"end":{"line":102,"column":1}},"line":88},"4":{"name":"(anonymous_4)","decl":{"start":{"line":107,"column":19},"end":{"line":107,"column":20}},"loc":{"start":{"line":107,"column":39},"end":{"line":124,"column":1}},"line":107},"5":{"name":"(anonymous_5)","decl":{"start":{"line":129,"column":22},"end":{"line":129,"column":23}},"loc":{"start":{"line":129,"column":42},"end":{"line":143,"column":1}},"line":129}},"branchMap":{"0":{"loc":{"start":{"line":22,"column":4},"end":{"line":30,"column":5}},"type":"if","locations":[{"start":{"line":22,"column":4},"end":{"line":30,"column":5}},{"start":{"line":22,"column":4},"end":{"line":30,"column":5}}],"line":22},"1":{"loc":{"start":{"line":50,"column":4},"end":{"line":59,"column":5}},"type":"if","locations":[{"start":{"line":50,"column":4},"end":{"line":59,"column":5}},{"start":{"line":50,"column":4},"end":{"line":59,"column":5}}],"line":50},"2":{"loc":{"start":{"line":53,"column":6},"end":{"line":58,"column":7}},"type":"if","locations":[{"start":{"line":53,"column":6},"end":{"line":58,"column":7}},{"start":{"line":53,"column":6},"end":{"line":58,"column":7}}],"line":53},"3":{"loc":{"start":{"line":91,"column":4},"end":{"line":95,"column":5}},"type":"if","locations":[{"start":{"line":91,"column":4},"end":{"line":95,"column":5}},{"start":{"line":91,"column":4},"end":{"line":95,"column":5}}],"line":91},"4":{"loc":{"start":{"line":111,"column":4},"end":{"line":117,"column":5}},"type":"if","locations":[{"start":{"line":111,"column":4},"end":{"line":117,"column":5}},{"start":{"line":111,"column":4},"end":{"line":117,"column":5}}],"line":111},"5":{"loc":{"start":{"line":132,"column":4},"end":{"line":136,"column":5}},"type":"if","locations":[{"start":{"line":132,"column":4},"end":{"line":136,"column":5}},{"start":{"line":132,"column":4},"end":{"line":136,"column":5}}],"line":132}},"s":{"0":1,"1":1,"2":1,"3":1,"4":2,"5":2,"6":2,"7":2,"8":2,"9":1,"10":1,"11":1,"12":2,"13":2,"14":2,"15":2,"16":1,"17":1,"18":1,"19":1,"20":1,"21":1,"22":1,"23":0,"24":1,"25":3,"26":3,"27":3,"28":1,"29":2,"30":0,"31":1,"32":3,"33":3,"34":3,"35":3,"36":1,"37":2,"38":0,"39":1,"40":3,"41":3,"42":3,"43":1,"44":2,"45":0,"46":1},"f":{"0":2,"1":2,"2":1,"3":3,"4":3,"5":3},"b":{"0":[2,0],"1":[2,0],"2":[1,0],"3":[1,2],"4":[1,2],"5":[1,2]},"_coverageSchema":"43e27e138ebf9cfc5966b082cf9a028302ed4184","hash":"22d086bc061bd690cc0635483cdd016d022b9911"}
,"C:\\Users\\wjonk\\Documents\\Github\\Merch-Dropper-be\\crudOperations\\quoteOperations\\quoteModel.js": {"path":"C:\\Users\\wjonk\\Documents\\Github\\Merch-Dropper-be\\crudOperations\\quoteOperations\\quoteModel.js","statementMap":{"0":{"start":{"line":1,"column":14},"end":{"line":1,"column":30}},"1":{"start":{"line":3,"column":0},"end":{"line":5,"column":2}},"2":{"start":{"line":8,"column":15},"end":{"line":13,"column":3}},"3":{"start":{"line":14,"column":2},"end":{"line":21,"column":3}},"4":{"start":{"line":15,"column":18},"end":{"line":19,"column":5}},"5":{"start":{"line":20,"column":4},"end":{"line":20,"column":22}}},"fnMap":{"0":{"name":"quoteMaker","decl":{"start":{"line":7,"column":15},"end":{"line":7,"column":25}},"loc":{"start":{"line":7,"column":32},"end":{"line":22,"column":1}},"line":7}},"branchMap":{"0":{"loc":{"start":{"line":14,"column":2},"end":{"line":21,"column":3}},"type":"if","locations":[{"start":{"line":14,"column":2},"end":{"line":21,"column":3}},{"start":{"line":14,"column":2},"end":{"line":21,"column":3}}],"line":14}},"s":{"0":1,"1":1,"2":1,"3":1,"4":1,"5":1},"f":{"0":1},"b":{"0":[1,0]},"_coverageSchema":"43e27e138ebf9cfc5966b082cf9a028302ed4184","hash":"6198cffd38724ac6b3682faca9fe8d266ea8f796"}
,"C:\\Users\\wjonk\\Documents\\Github\\Merch-Dropper-be\\crudOperations\\quoteOperations\\quoteRouter.js": {"path":"C:\\Users\\wjonk\\Documents\\Github\\Merch-Dropper-be\\crudOperations\\quoteOperations\\quoteRouter.js","statementMap":{"0":{"start":{"line":1,"column":15},"end":{"line":1,"column":42}},"1":{"start":{"line":2,"column":15},"end":{"line":2,"column":55}},"2":{"start":{"line":3,"column":15},"end":{"line":3,"column":51}},"3":{"start":{"line":10,"column":0},"end":{"line":46,"column":3}},"4":{"start":{"line":11,"column":2},"end":{"line":45,"column":3}},"5":{"start":{"line":12,"column":15},"end":{"line":12,"column":23}},"6":{"start":{"line":13,"column":4},"end":{"line":36,"column":5}},"7":{"start":{"line":14,"column":25},"end":{"line":14,"column":61}},"8":{"start":{"line":15,"column":6},"end":{"line":35,"column":7}},"9":{"start":{"line":16,"column":20},"end":{"line":27,"column":9}},"10":{"start":{"line":28,"column":8},"end":{"line":28,"column":36}},"11":{"start":{"line":29,"column":8},"end":{"line":34,"column":11}},"12":{"start":{"line":41,"column":4},"end":{"line":44,"column":7}},"13":{"start":{"line":51,"column":0},"end":{"line":61,"column":3}},"14":{"start":{"line":52,"column":2},"end":{"line":60,"column":3}},"15":{"start":{"line":53,"column":19},"end":{"line":53,"column":45}},"16":{"start":{"line":55,"column":4},"end":{"line":55,"column":33}},"17":{"start":{"line":57,"column":4},"end":{"line":59,"column":78}},"18":{"start":{"line":66,"column":0},"end":{"line":82,"column":3}},"19":{"start":{"line":67,"column":2},"end":{"line":81,"column":3}},"20":{"start":{"line":68,"column":18},"end":{"line":68,"column":61}},"21":{"start":{"line":69,"column":4},"end":{"line":75,"column":5}},"22":{"start":{"line":70,"column":6},"end":{"line":70,"column":34}},"23":{"start":{"line":72,"column":6},"end":{"line":74,"column":77}},"24":{"start":{"line":77,"column":4},"end":{"line":80,"column":7}},"25":{"start":{"line":87,"column":0},"end":{"line":105,"column":3}},"26":{"start":{"line":88,"column":2},"end":{"line":104,"column":3}},"27":{"start":{"line":89,"column":18},"end":{"line":89,"column":77}},"28":{"start":{"line":91,"column":4},"end":{"line":98,"column":5}},"29":{"start":{"line":92,"column":6},"end":{"line":92,"column":34}},"30":{"start":{"line":94,"column":6},"end":{"line":97,"column":9}},"31":{"start":{"line":100,"column":4},"end":{"line":103,"column":7}},"32":{"start":{"line":110,"column":0},"end":{"line":124,"column":3}},"33":{"start":{"line":111,"column":2},"end":{"line":123,"column":3}},"34":{"start":{"line":112,"column":18},"end":{"line":112,"column":73}},"35":{"start":{"line":113,"column":4},"end":{"line":117,"column":5}},"36":{"start":{"line":114,"column":6},"end":{"line":114,"column":79}},"37":{"start":{"line":116,"column":6},"end":{"line":116,"column":74}},"38":{"start":{"line":119,"column":4},"end":{"line":122,"column":7}},"39":{"start":{"line":129,"column":0},"end":{"line":148,"column":3}},"40":{"start":{"line":130,"column":2},"end":{"line":147,"column":3}},"41":{"start":{"line":132,"column":18},"end":{"line":135,"column":5}},"42":{"start":{"line":137,"column":4},"end":{"line":141,"column":5}},"43":{"start":{"line":138,"column":6},"end":{"line":138,"column":79}},"44":{"start":{"line":140,"column":6},"end":{"line":140,"column":74}},"45":{"start":{"line":143,"column":4},"end":{"line":146,"column":7}},"46":{"start":{"line":153,"column":0},"end":{"line":167,"column":3}},"47":{"start":{"line":154,"column":2},"end":{"line":166,"column":3}},"48":{"start":{"line":155,"column":18},"end":{"line":155,"column":63}},"49":{"start":{"line":156,"column":4},"end":{"line":160,"column":5}},"50":{"start":{"line":157,"column":6},"end":{"line":157,"column":72}},"51":{"start":{"line":159,"column":6},"end":{"line":159,"column":72}},"52":{"start":{"line":162,"column":4},"end":{"line":165,"column":7}},"53":{"start":{"line":172,"column":0},"end":{"line":188,"column":3}},"54":{"start":{"line":173,"column":2},"end":{"line":187,"column":3}},"55":{"start":{"line":174,"column":18},"end":{"line":174,"column":79}},"56":{"start":{"line":175,"column":4},"end":{"line":181,"column":5}},"57":{"start":{"line":176,"column":6},"end":{"line":176,"column":72}},"58":{"start":{"line":178,"column":6},"end":{"line":180,"column":77}},"59":{"start":{"line":183,"column":4},"end":{"line":186,"column":7}},"60":{"start":{"line":191,"column":0},"end":{"line":191,"column":24}}},"fnMap":{"0":{"name":"(anonymous_0)","decl":{"start":{"line":10,"column":17},"end":{"line":10,"column":18}},"loc":{"start":{"line":10,"column":37},"end":{"line":46,"column":1}},"line":10},"1":{"name":"(anonymous_1)","decl":{"start":{"line":51,"column":16},"end":{"line":51,"column":17}},"loc":{"start":{"line":51,"column":36},"end":{"line":61,"column":1}},"line":51},"2":{"name":"(anonymous_2)","decl":{"start":{"line":66,"column":19},"end":{"line":66,"column":20}},"loc":{"start":{"line":66,"column":39},"end":{"line":82,"column":1}},"line":66},"3":{"name":"(anonymous_3)","decl":{"start":{"line":87,"column":38},"end":{"line":87,"column":39}},"loc":{"start":{"line":87,"column":58},"end":{"line":105,"column":1}},"line":87},"4":{"name":"(anonymous_4)","decl":{"start":{"line":110,"column":19},"end":{"line":110,"column":20}},"loc":{"start":{"line":110,"column":39},"end":{"line":124,"column":1}},"line":110},"5":{"name":"(anonymous_5)","decl":{"start":{"line":129,"column":42},"end":{"line":129,"column":43}},"loc":{"start":{"line":129,"column":62},"end":{"line":148,"column":1}},"line":129},"6":{"name":"(anonymous_6)","decl":{"start":{"line":153,"column":22},"end":{"line":153,"column":23}},"loc":{"start":{"line":153,"column":42},"end":{"line":167,"column":1}},"line":153},"7":{"name":"(anonymous_7)","decl":{"start":{"line":172,"column":41},"end":{"line":172,"column":42}},"loc":{"start":{"line":172,"column":61},"end":{"line":188,"column":1}},"line":172}},"branchMap":{"0":{"loc":{"start":{"line":13,"column":4},"end":{"line":36,"column":5}},"type":"if","locations":[{"start":{"line":13,"column":4},"end":{"line":36,"column":5}},{"start":{"line":13,"column":4},"end":{"line":36,"column":5}}],"line":13},"1":{"loc":{"start":{"line":15,"column":6},"end":{"line":35,"column":7}},"type":"if","locations":[{"start":{"line":15,"column":6},"end":{"line":35,"column":7}},{"start":{"line":15,"column":6},"end":{"line":35,"column":7}}],"line":15},"2":{"loc":{"start":{"line":69,"column":4},"end":{"line":75,"column":5}},"type":"if","locations":[{"start":{"line":69,"column":4},"end":{"line":75,"column":5}},{"start":{"line":69,"column":4},"end":{"line":75,"column":5}}],"line":69},"3":{"loc":{"start":{"line":91,"column":4},"end":{"line":98,"column":5}},"type":"if","locations":[{"start":{"line":91,"column":4},"end":{"line":98,"column":5}},{"start":{"line":91,"column":4},"end":{"line":98,"column":5}}],"line":91},"4":{"loc":{"start":{"line":113,"column":4},"end":{"line":117,"column":5}},"type":"if","locations":[{"start":{"line":113,"column":4},"end":{"line":117,"column":5}},{"start":{"line":113,"column":4},"end":{"line":117,"column":5}}],"line":113},"5":{"loc":{"start":{"line":137,"column":4},"end":{"line":141,"column":5}},"type":"if","locations":[{"start":{"line":137,"column":4},"end":{"line":141,"column":5}},{"start":{"line":137,"column":4},"end":{"line":141,"column":5}}],"line":137},"6":{"loc":{"start":{"line":156,"column":4},"end":{"line":160,"column":5}},"type":"if","locations":[{"start":{"line":156,"column":4},"end":{"line":160,"column":5}},{"start":{"line":156,"column":4},"end":{"line":160,"column":5}}],"line":156},"7":{"loc":{"start":{"line":175,"column":4},"end":{"line":181,"column":5}},"type":"if","locations":[{"start":{"line":175,"column":4},"end":{"line":181,"column":5}},{"start":{"line":175,"column":4},"end":{"line":181,"column":5}}],"line":175}},"s":{"0":1,"1":1,"2":1,"3":1,"4":1,"5":1,"6":1,"7":1,"8":1,"9":1,"10":1,"11":1,"12":0,"13":1,"14":1,"15":1,"16":1,"17":0,"18":1,"19":3,"20":3,"21":3,"22":1,"23":2,"24":0,"25":1,"26":0,"27":0,"28":0,"29":0,"30":0,"31":0,"32":1,"33":3,"34":3,"35":3,"36":1,"37":2,"38":0,"39":1,"40":3,"41":3,"42":3,"43":1,"44":2,"45":0,"46":1,"47":3,"48":3,"49":3,"50":1,"51":2,"52":0,"53":1,"54":3,"55":3,"56":3,"57":1,"58":2,"59":0,"60":1},"f":{"0":1,"1":1,"2":3,"3":0,"4":3,"5":3,"6":3,"7":3},"b":{"0":[1,0],"1":[1,0],"2":[1,2],"3":[0,0],"4":[1,2],"5":[1,2],"6":[1,2],"7":[1,2]},"_coverageSchema":"43e27e138ebf9cfc5966b082cf9a028302ed4184","hash":"8e1c95abad78c95704dc3c3a4065de2991313086"}
,"C:\\Users\\wjonk\\Documents\\Github\\Merch-Dropper-be\\crudOperations\\storeOperations\\storeModel.js": {"path":"C:\\Users\\wjonk\\Documents\\Github\\Merch-Dropper-be\\crudOperations\\storeOperations\\storeModel.js","statementMap":{"0":{"start":{"line":1,"column":11},"end":{"line":1,"column":56}},"1":{"start":{"line":3,"column":0},"end":{"line":6,"column":2}}},"fnMap":{},"branchMap":{},"s":{"0":1,"1":1},"f":{},"b":{},"_coverageSchema":"43e27e138ebf9cfc5966b082cf9a028302ed4184","hash":"7b9210f48cbfa130272ebf5664a3e15929a76a14"}
,"C:\\Users\\wjonk\\Documents\\Github\\Merch-Dropper-be\\crudOperations\\storeOperations\\storeRouter.js": {"path":"C:\\Users\\wjonk\\Documents\\Github\\Merch-Dropper-be\\crudOperations\\storeOperations\\storeRouter.js","statementMap":{"0":{"start":{"line":1,"column":15},"end":{"line":1,"column":42}},"1":{"start":{"line":2,"column":15},"end":{"line":2,"column":55}},"2":{"start":{"line":3,"column":15},"end":{"line":3,"column":51}},"3":{"start":{"line":10,"column":0},"end":{"line":28,"column":3}},"4":{"start":{"line":11,"column":2},"end":{"line":27,"column":3}},"5":{"start":{"line":12,"column":16},"end":{"line":12,"column":24}},"6":{"start":{"line":14,"column":4},"end":{"line":21,"column":5}},"7":{"start":{"line":15,"column":6},"end":{"line":15,"column":79}},"8":{"start":{"line":17,"column":6},"end":{"line":17,"column":34}},"9":{"start":{"line":18,"column":6},"end":{"line":20,"column":74}},"10":{"start":{"line":23,"column":4},"end":{"line":26,"column":7}},"11":{"start":{"line":33,"column":0},"end":{"line":45,"column":3}},"12":{"start":{"line":34,"column":2},"end":{"line":44,"column":3}},"13":{"start":{"line":35,"column":19},"end":{"line":35,"column":45}},"14":{"start":{"line":37,"column":4},"end":{"line":39,"column":5}},"15":{"start":{"line":38,"column":6},"end":{"line":38,"column":35}},"16":{"start":{"line":41,"column":4},"end":{"line":43,"column":78}},"17":{"start":{"line":50,"column":0},"end":{"line":65,"column":3}},"18":{"start":{"line":51,"column":2},"end":{"line":64,"column":3}},"19":{"start":{"line":52,"column":18},"end":{"line":52,"column":61}},"20":{"start":{"line":54,"column":4},"end":{"line":58,"column":5}},"21":{"start":{"line":55,"column":6},"end":{"line":55,"column":34}},"22":{"start":{"line":57,"column":6},"end":{"line":57,"column":74}},"23":{"start":{"line":60,"column":4},"end":{"line":63,"column":7}},"24":{"start":{"line":70,"column":0},"end":{"line":88,"column":3}},"25":{"start":{"line":71,"column":2},"end":{"line":87,"column":3}},"26":{"start":{"line":72,"column":18},"end":{"line":72,"column":76}},"27":{"start":{"line":74,"column":4},"end":{"line":81,"column":5}},"28":{"start":{"line":75,"column":6},"end":{"line":75,"column":34}},"29":{"start":{"line":77,"column":6},"end":{"line":80,"column":9}},"30":{"start":{"line":83,"column":4},"end":{"line":86,"column":7}},"31":{"start":{"line":93,"column":0},"end":{"line":107,"column":3}},"32":{"start":{"line":94,"column":2},"end":{"line":106,"column":3}},"33":{"start":{"line":95,"column":18},"end":{"line":95,"column":73}},"34":{"start":{"line":96,"column":4},"end":{"line":100,"column":5}},"35":{"start":{"line":97,"column":6},"end":{"line":97,"column":70}},"36":{"start":{"line":99,"column":6},"end":{"line":99,"column":74}},"37":{"start":{"line":102,"column":4},"end":{"line":105,"column":7}},"38":{"start":{"line":112,"column":0},"end":{"line":129,"column":3}},"39":{"start":{"line":113,"column":2},"end":{"line":128,"column":3}},"40":{"start":{"line":114,"column":18},"end":{"line":114,"column":78}},"41":{"start":{"line":115,"column":4},"end":{"line":122,"column":5}},"42":{"start":{"line":116,"column":6},"end":{"line":116,"column":72}},"43":{"start":{"line":118,"column":6},"end":{"line":121,"column":9}},"44":{"start":{"line":124,"column":4},"end":{"line":127,"column":7}},"45":{"start":{"line":153,"column":0},"end":{"line":153,"column":24}}},"fnMap":{"0":{"name":"(anonymous_0)","decl":{"start":{"line":10,"column":17},"end":{"line":10,"column":18}},"loc":{"start":{"line":10,"column":37},"end":{"line":28,"column":1}},"line":10},"1":{"name":"(anonymous_1)","decl":{"start":{"line":33,"column":16},"end":{"line":33,"column":17}},"loc":{"start":{"line":33,"column":36},"end":{"line":45,"column":1}},"line":33},"2":{"name":"(anonymous_2)","decl":{"start":{"line":50,"column":19},"end":{"line":50,"column":20}},"loc":{"start":{"line":50,"column":39},"end":{"line":65,"column":1}},"line":50},"3":{"name":"(anonymous_3)","decl":{"start":{"line":70,"column":37},"end":{"line":70,"column":38}},"loc":{"start":{"line":70,"column":57},"end":{"line":88,"column":1}},"line":70},"4":{"name":"(anonymous_4)","decl":{"start":{"line":93,"column":19},"end":{"line":93,"column":20}},"loc":{"start":{"line":93,"column":39},"end":{"line":107,"column":1}},"line":93},"5":{"name":"(anonymous_5)","decl":{"start":{"line":112,"column":30},"end":{"line":112,"column":31}},"loc":{"start":{"line":112,"column":50},"end":{"line":129,"column":1}},"line":112}},"branchMap":{"0":{"loc":{"start":{"line":14,"column":4},"end":{"line":21,"column":5}},"type":"if","locations":[{"start":{"line":14,"column":4},"end":{"line":21,"column":5}},{"start":{"line":14,"column":4},"end":{"line":21,"column":5}}],"line":14},"1":{"loc":{"start":{"line":14,"column":8},"end":{"line":14,"column":42}},"type":"binary-expr","locations":[{"start":{"line":14,"column":8},"end":{"line":14,"column":25}},{"start":{"line":14,"column":29},"end":{"line":14,"column":42}}],"line":14},"2":{"loc":{"start":{"line":37,"column":4},"end":{"line":39,"column":5}},"type":"if","locations":[{"start":{"line":37,"column":4},"end":{"line":39,"column":5}},{"start":{"line":37,"column":4},"end":{"line":39,"column":5}}],"line":37},"3":{"loc":{"start":{"line":54,"column":4},"end":{"line":58,"column":5}},"type":"if","locations":[{"start":{"line":54,"column":4},"end":{"line":58,"column":5}},{"start":{"line":54,"column":4},"end":{"line":58,"column":5}}],"line":54},"4":{"loc":{"start":{"line":74,"column":4},"end":{"line":81,"column":5}},"type":"if","locations":[{"start":{"line":74,"column":4},"end":{"line":81,"column":5}},{"start":{"line":74,"column":4},"end":{"line":81,"column":5}}],"line":74},"5":{"loc":{"start":{"line":96,"column":4},"end":{"line":100,"column":5}},"type":"if","locations":[{"start":{"line":96,"column":4},"end":{"line":100,"column":5}},{"start":{"line":96,"column":4},"end":{"line":100,"column":5}}],"line":96},"6":{"loc":{"start":{"line":115,"column":4},"end":{"line":122,"column":5}},"type":"if","locations":[{"start":{"line":115,"column":4},"end":{"line":122,"column":5}},{"start":{"line":115,"column":4},"end":{"line":122,"column":5}}],"line":115}},"s":{"0":1,"1":1,"2":1,"3":1,"4":3,"5":3,"6":3,"7":2,"8":1,"9":1,"10":0,"11":1,"12":1,"13":1,"14":1,"15":1,"16":0,"17":1,"18":3,"19":3,"20":3,"21":1,"22":2,"23":0,"24":1,"25":3,"26":3,"27":3,"28":1,"29":2,"30":0,"31":1,"32":3,"33":3,"34":3,"35":1,"36":2,"37":0,"38":1,"39":3,"40":3,"41":3,"42":1,"43":2,"44":0,"45":1},"f":{"0":3,"1":1,"2":3,"3":3,"4":3,"5":3},"b":{"0":[2,1],"1":[3,1],"2":[1,0],"3":[1,2],"4":[1,2],"5":[1,2],"6":[1,2]},"_coverageSchema":"43e27e138ebf9cfc5966b082cf9a028302ed4184","hash":"fb159deeb7773b3ecec1771c968f3441506ff204"}
,"C:\\Users\\wjonk\\Documents\\Github\\Merch-Dropper-be\\crudOperations\\userOperations\\userModel.js": {"path":"C:\\Users\\wjonk\\Documents\\Github\\Merch-Dropper-be\\crudOperations\\userOperations\\userModel.js","statementMap":{},"fnMap":{},"branchMap":{},"s":{},"f":{},"b":{},"hash":"09be76efc14b2f0484793b093f33974955f83c2d"}
,"C:\\Users\\wjonk\\Documents\\Github\\Merch-Dropper-be\\crudOperations\\userOperations\\userRouter.js": {"path":"C:\\Users\\wjonk\\Documents\\Github\\Merch-Dropper-be\\crudOperations\\userOperations\\userRouter.js","statementMap":{"0":{"start":{"line":1,"column":15},"end":{"line":1,"column":42}},"1":{"start":{"line":3,"column":15},"end":{"line":3,"column":51}},"2":{"start":{"line":10,"column":0},"end":{"line":19,"column":3}},"3":{"start":{"line":11,"column":2},"end":{"line":18,"column":3}},"4":{"start":{"line":12,"column":18},"end":{"line":12,"column":43}},"5":{"start":{"line":13,"column":4},"end":{"line":13,"column":32}},"6":{"start":{"line":15,"column":4},"end":{"line":17,"column":77}},"7":{"start":{"line":24,"column":0},"end":{"line":38,"column":3}},"8":{"start":{"line":25,"column":2},"end":{"line":37,"column":3}},"9":{"start":{"line":26,"column":17},"end":{"line":26,"column":59}},"10":{"start":{"line":27,"column":4},"end":{"line":31,"column":5}},"11":{"start":{"line":28,"column":6},"end":{"line":28,"column":33}},"12":{"start":{"line":30,"column":6},"end":{"line":30,"column":73}},"13":{"start":{"line":33,"column":4},"end":{"line":36,"column":7}},"14":{"start":{"line":43,"column":0},"end":{"line":58,"column":3}},"15":{"start":{"line":45,"column":2},"end":{"line":57,"column":3}},"16":{"start":{"line":46,"column":17},"end":{"line":46,"column":71}},"17":{"start":{"line":47,"column":4},"end":{"line":51,"column":5}},"18":{"start":{"line":48,"column":6},"end":{"line":48,"column":33}},"19":{"start":{"line":50,"column":6},"end":{"line":50,"column":73}},"20":{"start":{"line":53,"column":4},"end":{"line":56,"column":7}},"21":{"start":{"line":63,"column":0},"end":{"line":80,"column":3}},"22":{"start":{"line":64,"column":2},"end":{"line":79,"column":3}},"23":{"start":{"line":65,"column":17},"end":{"line":68,"column":5}},"24":{"start":{"line":69,"column":4},"end":{"line":73,"column":5}},"25":{"start":{"line":70,"column":6},"end":{"line":70,"column":63}},"26":{"start":{"line":72,"column":6},"end":{"line":72,"column":73}},"27":{"start":{"line":75,"column":4},"end":{"line":78,"column":7}},"28":{"start":{"line":85,"column":0},"end":{"line":99,"column":3}},"29":{"start":{"line":86,"column":2},"end":{"line":98,"column":3}},"30":{"start":{"line":87,"column":18},"end":{"line":87,"column":74}},"31":{"start":{"line":88,"column":4},"end":{"line":92,"column":5}},"32":{"start":{"line":89,"column":6},"end":{"line":89,"column":71}},"33":{"start":{"line":91,"column":6},"end":{"line":91,"column":70}},"34":{"start":{"line":94,"column":4},"end":{"line":97,"column":7}},"35":{"start":{"line":120,"column":0},"end":{"line":120,"column":24}}},"fnMap":{"0":{"name":"(anonymous_0)","decl":{"start":{"line":10,"column":16},"end":{"line":10,"column":17}},"loc":{"start":{"line":10,"column":36},"end":{"line":19,"column":1}},"line":10},"1":{"name":"(anonymous_1)","decl":{"start":{"line":24,"column":19},"end":{"line":24,"column":20}},"loc":{"start":{"line":24,"column":39},"end":{"line":38,"column":1}},"line":24},"2":{"name":"(anonymous_2)","decl":{"start":{"line":43,"column":34},"end":{"line":43,"column":35}},"loc":{"start":{"line":43,"column":54},"end":{"line":58,"column":1}},"line":43},"3":{"name":"(anonymous_3)","decl":{"start":{"line":63,"column":25},"end":{"line":63,"column":26}},"loc":{"start":{"line":63,"column":45},"end":{"line":80,"column":1}},"line":63},"4":{"name":"(anonymous_4)","decl":{"start":{"line":85,"column":28},"end":{"line":85,"column":29}},"loc":{"start":{"line":85,"column":48},"end":{"line":99,"column":1}},"line":85}},"branchMap":{"0":{"loc":{"start":{"line":27,"column":4},"end":{"line":31,"column":5}},"type":"if","locations":[{"start":{"line":27,"column":4},"end":{"line":31,"column":5}},{"start":{"line":27,"column":4},"end":{"line":31,"column":5}}],"line":27},"1":{"loc":{"start":{"line":47,"column":4},"end":{"line":51,"column":5}},"type":"if","locations":[{"start":{"line":47,"column":4},"end":{"line":51,"column":5}},{"start":{"line":47,"column":4},"end":{"line":51,"column":5}}],"line":47},"2":{"loc":{"start":{"line":69,"column":4},"end":{"line":73,"column":5}},"type":"if","locations":[{"start":{"line":69,"column":4},"end":{"line":73,"column":5}},{"start":{"line":69,"column":4},"end":{"line":73,"column":5}}],"line":69},"3":{"loc":{"start":{"line":88,"column":4},"end":{"line":92,"column":5}},"type":"if","locations":[{"start":{"line":88,"column":4},"end":{"line":92,"column":5}},{"start":{"line":88,"column":4},"end":{"line":92,"column":5}}],"line":88}},"s":{"0":1,"1":1,"2":1,"3":1,"4":1,"5":1,"6":0,"7":1,"8":3,"9":3,"10":3,"11":1,"12":2,"13":0,"14":1,"15":3,"16":3,"17":3,"18":1,"19":2,"20":0,"21":1,"22":3,"23":3,"24":3,"25":1,"26":2,"27":0,"28":1,"29":3,"30":3,"31":3,"32":1,"33":2,"34":0,"35":1},"f":{"0":1,"1":3,"2":3,"3":3,"4":3},"b":{"0":[1,2],"1":[1,2],"2":[1,2],"3":[1,2]},"_coverageSchema":"43e27e138ebf9cfc5966b082cf9a028302ed4184","hash":"629eda4301d28c3ac2656379e33cc2e0a80a1015"}
,"C:\\Users\\wjonk\\Documents\\Github\\Merch-Dropper-be\\databaseOperations\\db-config.js": {"path":"C:\\Users\\wjonk\\Documents\\Github\\Merch-Dropper-be\\databaseOperations\\db-config.js","statementMap":{"0":{"start":{"line":1,"column":13},"end":{"line":1,"column":28}},"1":{"start":{"line":3,"column":19},"end":{"line":3,"column":41}},"2":{"start":{"line":5,"column":14},"end":{"line":5,"column":49}},"3":{"start":{"line":7,"column":0},"end":{"line":7,"column":41}}},"fnMap":{},"branchMap":{"0":{"loc":{"start":{"line":5,"column":14},"end":{"line":5,"column":49}},"type":"binary-expr","locations":[{"start":{"line":5,"column":14},"end":{"line":5,"column":32}},{"start":{"line":5,"column":36},"end":{"line":5,"column":49}}],"line":5}},"s":{"0":1,"1":1,"2":1,"3":1},"f":{},"b":{"0":[1,0]},"_coverageSchema":"43e27e138ebf9cfc5966b082cf9a028302ed4184","hash":"a298a3cfa2d2b9007832ac1c61041ad03547e06a"}
,"C:\\Users\\wjonk\\Documents\\Github\\Merch-Dropper-be\\databaseOperations\\migrations\\20200128163829_users.js": {"path":"C:\\Users\\wjonk\\Documents\\Github\\Merch-Dropper-be\\databaseOperations\\migrations\\20200128163829_users.js","statementMap":{"0":{"start":{"line":1,"column":0},"end":{"line":37,"column":2}},"1":{"start":{"line":2,"column":2},"end":{"line":36,"column":5}},"2":{"start":{"line":3,"column":4},"end":{"line":3,"column":37}},"3":{"start":{"line":4,"column":4},"end":{"line":4,"column":50}},"4":{"start":{"line":5,"column":4},"end":{"line":5,"column":49}},"5":{"start":{"line":6,"column":4},"end":{"line":9,"column":16}},"6":{"start":{"line":10,"column":4},"end":{"line":10,"column":48}},"7":{"start":{"line":11,"column":4},"end":{"line":14,"column":21}},"8":{"start":{"line":15,"column":4},"end":{"line":15,"column":54}},"9":{"start":{"line":16,"column":4},"end":{"line":16,"column":48}},"10":{"start":{"line":17,"column":4},"end":{"line":17,"column":49}},"11":{"start":{"line":18,"column":4},"end":{"line":18,"column":44}},"12":{"start":{"line":19,"column":4},"end":{"line":19,"column":45}},"13":{"start":{"line":20,"column":4},"end":{"line":20,"column":44}},"14":{"start":{"line":21,"column":4},"end":{"line":21,"column":47}},"15":{"start":{"line":22,"column":4},"end":{"line":22,"column":26}},"16":{"start":{"line":23,"column":4},"end":{"line":23,"column":45}},"17":{"start":{"line":24,"column":4},"end":{"line":24,"column":41}},"18":{"start":{"line":25,"column":4},"end":{"line":25,"column":38}},"19":{"start":{"line":26,"column":4},"end":{"line":26,"column":39}},"20":{"start":{"line":27,"column":4},"end":{"line":27,"column":42}},"21":{"start":{"line":28,"column":4},"end":{"line":28,"column":41}},"22":{"start":{"line":29,"column":4},"end":{"line":29,"column":42}},"23":{"start":{"line":30,"column":4},"end":{"line":30,"column":39}},"24":{"start":{"line":31,"column":4},"end":{"line":31,"column":40}},"25":{"start":{"line":32,"column":4},"end":{"line":32,"column":43}},"26":{"start":{"line":33,"column":4},"end":{"line":33,"column":42}},"27":{"start":{"line":34,"column":4},"end":{"line":34,"column":36}},"28":{"start":{"line":35,"column":4},"end":{"line":35,"column":33}},"29":{"start":{"line":39,"column":0},"end":{"line":41,"column":2}},"30":{"start":{"line":40,"column":2},"end":{"line":40,"column":48}}},"fnMap":{"0":{"name":"(anonymous_0)","decl":{"start":{"line":1,"column":13},"end":{"line":1,"column":14}},"loc":{"start":{"line":1,"column":28},"end":{"line":37,"column":1}},"line":1},"1":{"name":"(anonymous_1)","decl":{"start":{"line":2,"column":42},"end":{"line":2,"column":43}},"loc":{"start":{"line":2,"column":51},"end":{"line":36,"column":3}},"line":2},"2":{"name":"(anonymous_2)","decl":{"start":{"line":39,"column":15},"end":{"line":39,"column":16}},"loc":{"start":{"line":39,"column":30},"end":{"line":41,"column":1}},"line":39}},"branchMap":{},"s":{"0":1,"1":1,"2":1,"3":1,"4":1,"5":1,"6":1,"7":1,"8":1,"9":1,"10":1,"11":1,"12":1,"13":1,"14":1,"15":1,"16":1,"17":1,"18":1,"19":1,"20":1,"21":1,"22":1,"23":1,"24":1,"25":1,"26":1,"27":1,"28":1,"29":1,"30":1},"f":{"0":1,"1":1,"2":1},"b":{},"_coverageSchema":"43e27e138ebf9cfc5966b082cf9a028302ed4184","hash":"a053437b7fbc785be108cd87ee05675237ecc1b5"}
,"C:\\Users\\wjonk\\Documents\\Github\\Merch-Dropper-be\\databaseOperations\\migrations\\20200207103817_stores.js": {"path":"C:\\Users\\wjonk\\Documents\\Github\\Merch-Dropper-be\\databaseOperations\\migrations\\20200207103817_stores.js","statementMap":{"0":{"start":{"line":1,"column":0},"end":{"line":28,"column":2}},"1":{"start":{"line":2,"column":2},"end":{"line":27,"column":5}},"2":{"start":{"line":3,"column":4},"end":{"line":3,"column":38}},"3":{"start":{"line":4,"column":4},"end":{"line":4,"column":45}},"4":{"start":{"line":5,"column":4},"end":{"line":8,"column":21}},"5":{"start":{"line":9,"column":4},"end":{"line":14,"column":21}},"6":{"start":{"line":15,"column":4},"end":{"line":18,"column":21}},"7":{"start":{"line":19,"column":4},"end":{"line":19,"column":34}},"8":{"start":{"line":20,"column":4},"end":{"line":26,"column":27}},"9":{"start":{"line":30,"column":0},"end":{"line":32,"column":2}},"10":{"start":{"line":31,"column":2},"end":{"line":31,"column":49}}},"fnMap":{"0":{"name":"(anonymous_0)","decl":{"start":{"line":1,"column":13},"end":{"line":1,"column":14}},"loc":{"start":{"line":1,"column":28},"end":{"line":28,"column":1}},"line":1},"1":{"name":"(anonymous_1)","decl":{"start":{"line":2,"column":43},"end":{"line":2,"column":44}},"loc":{"start":{"line":2,"column":53},"end":{"line":27,"column":3}},"line":2},"2":{"name":"(anonymous_2)","decl":{"start":{"line":30,"column":15},"end":{"line":30,"column":16}},"loc":{"start":{"line":30,"column":30},"end":{"line":32,"column":1}},"line":30}},"branchMap":{},"s":{"0":1,"1":1,"2":1,"3":1,"4":1,"5":1,"6":1,"7":1,"8":1,"9":1,"10":1},"f":{"0":1,"1":1,"2":1},"b":{},"_coverageSchema":"43e27e138ebf9cfc5966b082cf9a028302ed4184","hash":"fa8d9ca82b9905ceb4bc134f15f0e05250f9998f"}
,"C:\\Users\\wjonk\\Documents\\Github\\Merch-Dropper-be\\databaseOperations\\migrations\\20200207103831_quotes.js": {"path":"C:\\Users\\wjonk\\Documents\\Github\\Merch-Dropper-be\\databaseOperations\\migrations\\20200207103831_quotes.js","statementMap":{"0":{"start":{"line":1,"column":0},"end":{"line":33,"column":2}},"1":{"start":{"line":2,"column":2},"end":{"line":32,"column":5}},"2":{"start":{"line":3,"column":4},"end":{"line":3,"column":38}},"3":{"start":{"line":4,"column":4},"end":{"line":4,"column":48}},"4":{"start":{"line":5,"column":4},"end":{"line":5,"column":51}},"5":{"start":{"line":6,"column":4},"end":{"line":6,"column":46}},"6":{"start":{"line":7,"column":4},"end":{"line":7,"column":47}},"7":{"start":{"line":8,"column":4},"end":{"line":8,"column":51}},"8":{"start":{"line":9,"column":4},"end":{"line":12,"column":21}},"9":{"start":{"line":13,"column":4},"end":{"line":13,"column":50}},"10":{"start":{"line":14,"column":4},"end":{"line":17,"column":22}},"11":{"start":{"line":18,"column":4},"end":{"line":24,"column":27}},"12":{"start":{"line":25,"column":4},"end":{"line":31,"column":27}},"13":{"start":{"line":35,"column":0},"end":{"line":37,"column":2}},"14":{"start":{"line":36,"column":2},"end":{"line":36,"column":49}}},"fnMap":{"0":{"name":"(anonymous_0)","decl":{"start":{"line":1,"column":13},"end":{"line":1,"column":14}},"loc":{"start":{"line":1,"column":28},"end":{"line":33,"column":1}},"line":1},"1":{"name":"(anonymous_1)","decl":{"start":{"line":2,"column":43},"end":{"line":2,"column":44}},"loc":{"start":{"line":2,"column":53},"end":{"line":32,"column":3}},"line":2},"2":{"name":"(anonymous_2)","decl":{"start":{"line":35,"column":15},"end":{"line":35,"column":16}},"loc":{"start":{"line":35,"column":30},"end":{"line":37,"column":1}},"line":35}},"branchMap":{},"s":{"0":1,"1":1,"2":1,"3":1,"4":1,"5":1,"6":1,"7":1,"8":1,"9":1,"10":1,"11":1,"12":1,"13":1,"14":1},"f":{"0":1,"1":1,"2":1},"b":{},"_coverageSchema":"43e27e138ebf9cfc5966b082cf9a028302ed4184","hash":"e0b5195ecc8f66f5ec3a19bd557023fcfc64b949"}
,"C:\\Users\\wjonk\\Documents\\Github\\Merch-Dropper-be\\databaseOperations\\migrations\\20200207103849_orders.js": {"path":"C:\\Users\\wjonk\\Documents\\Github\\Merch-Dropper-be\\databaseOperations\\migrations\\20200207103849_orders.js","statementMap":{"0":{"start":{"line":1,"column":0},"end":{"line":33,"column":2}},"1":{"start":{"line":2,"column":2},"end":{"line":32,"column":5}},"2":{"start":{"line":3,"column":4},"end":{"line":3,"column":38}},"3":{"start":{"line":4,"column":4},"end":{"line":4,"column":47}},"4":{"start":{"line":5,"column":4},"end":{"line":5,"column":48}},"5":{"start":{"line":6,"column":4},"end":{"line":6,"column":51}},"6":{"start":{"line":7,"column":4},"end":{"line":7,"column":46}},"7":{"start":{"line":8,"column":4},"end":{"line":8,"column":47}},"8":{"start":{"line":9,"column":4},"end":{"line":9,"column":51}},"9":{"start":{"line":10,"column":4},"end":{"line":13,"column":21}},"10":{"start":{"line":14,"column":4},"end":{"line":14,"column":50}},"11":{"start":{"line":15,"column":4},"end":{"line":15,"column":45}},"12":{"start":{"line":16,"column":4},"end":{"line":16,"column":50}},"13":{"start":{"line":17,"column":4},"end":{"line":17,"column":34}},"14":{"start":{"line":18,"column":4},"end":{"line":24,"column":27}},"15":{"start":{"line":25,"column":4},"end":{"line":31,"column":27}},"16":{"start":{"line":35,"column":0},"end":{"line":37,"column":2}},"17":{"start":{"line":36,"column":2},"end":{"line":36,"column":49}}},"fnMap":{"0":{"name":"(anonymous_0)","decl":{"start":{"line":1,"column":13},"end":{"line":1,"column":14}},"loc":{"start":{"line":1,"column":28},"end":{"line":33,"column":1}},"line":1},"1":{"name":"(anonymous_1)","decl":{"start":{"line":2,"column":43},"end":{"line":2,"column":44}},"loc":{"start":{"line":2,"column":53},"end":{"line":32,"column":3}},"line":2},"2":{"name":"(anonymous_2)","decl":{"start":{"line":35,"column":15},"end":{"line":35,"column":16}},"loc":{"start":{"line":35,"column":30},"end":{"line":37,"column":1}},"line":35}},"branchMap":{},"s":{"0":1,"1":1,"2":1,"3":1,"4":1,"5":1,"6":1,"7":1,"8":1,"9":1,"10":1,"11":1,"12":1,"13":1,"14":1,"15":1,"16":1,"17":1},"f":{"0":1,"1":1,"2":1},"b":{},"_coverageSchema":"43e27e138ebf9cfc5966b082cf9a028302ed4184","hash":"663721ba2886a1f7e0ce27404b361dd6ccfd4162"}
,"C:\\Users\\wjonk\\Documents\\Github\\Merch-Dropper-be\\databaseOperations\\migrations\\20200207103906_designs.js": {"path":"C:\\Users\\wjonk\\Documents\\Github\\Merch-Dropper-be\\databaseOperations\\migrations\\20200207103906_designs.js","statementMap":{"0":{"start":{"line":1,"column":0},"end":{"line":23,"column":2}},"1":{"start":{"line":2,"column":2},"end":{"line":22,"column":5}},"2":{"start":{"line":3,"column":4},"end":{"line":3,"column":39}},"3":{"start":{"line":4,"column":4},"end":{"line":4,"column":53}},"4":{"start":{"line":5,"column":4},"end":{"line":5,"column":52}},"5":{"start":{"line":6,"column":4},"end":{"line":6,"column":55}},"6":{"start":{"line":7,"column":4},"end":{"line":13,"column":27}},"7":{"start":{"line":14,"column":4},"end":{"line":20,"column":27}},"8":{"start":{"line":21,"column":4},"end":{"line":21,"column":35}},"9":{"start":{"line":25,"column":0},"end":{"line":27,"column":2}},"10":{"start":{"line":26,"column":2},"end":{"line":26,"column":50}}},"fnMap":{"0":{"name":"(anonymous_0)","decl":{"start":{"line":1,"column":13},"end":{"line":1,"column":14}},"loc":{"start":{"line":1,"column":28},"end":{"line":23,"column":1}},"line":1},"1":{"name":"(anonymous_1)","decl":{"start":{"line":2,"column":44},"end":{"line":2,"column":45}},"loc":{"start":{"line":2,"column":55},"end":{"line":22,"column":3}},"line":2},"2":{"name":"(anonymous_2)","decl":{"start":{"line":25,"column":15},"end":{"line":25,"column":16}},"loc":{"start":{"line":25,"column":30},"end":{"line":27,"column":1}},"line":25}},"branchMap":{},"s":{"0":1,"1":1,"2":1,"3":1,"4":1,"5":1,"6":1,"7":1,"8":1,"9":1,"10":1},"f":{"0":1,"1":1,"2":1},"b":{},"_coverageSchema":"43e27e138ebf9cfc5966b082cf9a028302ed4184","hash":"f6bfe7eed05c66b6ee41a735e8736d680b509516"}
,"C:\\Users\\wjonk\\Documents\\Github\\Merch-Dropper-be\\databaseOperations\\migrations\\20200212143214_products.js": {"path":"C:\\Users\\wjonk\\Documents\\Github\\Merch-Dropper-be\\databaseOperations\\migrations\\20200212143214_products.js","statementMap":{"0":{"start":{"line":1,"column":0},"end":{"line":18,"column":2}},"1":{"start":{"line":2,"column":2},"end":{"line":17,"column":5}},"2":{"start":{"line":3,"column":4},"end":{"line":3,"column":40}},"3":{"start":{"line":4,"column":4},"end":{"line":4,"column":54}},"4":{"start":{"line":5,"column":4},"end":{"line":5,"column":54}},"5":{"start":{"line":6,"column":4},"end":{"line":6,"column":55}},"6":{"start":{"line":7,"column":4},"end":{"line":7,"column":58}},"7":{"start":{"line":8,"column":4},"end":{"line":8,"column":43}},"8":{"start":{"line":9,"column":4},"end":{"line":15,"column":27}},"9":{"start":{"line":16,"column":4},"end":{"line":16,"column":36}},"10":{"start":{"line":20,"column":0},"end":{"line":22,"column":2}},"11":{"start":{"line":21,"column":2},"end":{"line":21,"column":51}}},"fnMap":{"0":{"name":"(anonymous_0)","decl":{"start":{"line":1,"column":13},"end":{"line":1,"column":14}},"loc":{"start":{"line":1,"column":28},"end":{"line":18,"column":1}},"line":1},"1":{"name":"(anonymous_1)","decl":{"start":{"line":2,"column":45},"end":{"line":2,"column":46}},"loc":{"start":{"line":2,"column":57},"end":{"line":17,"column":3}},"line":2},"2":{"name":"(anonymous_2)","decl":{"start":{"line":20,"column":15},"end":{"line":20,"column":16}},"loc":{"start":{"line":20,"column":30},"end":{"line":22,"column":1}},"line":20}},"branchMap":{},"s":{"0":1,"1":1,"2":1,"3":1,"4":1,"5":1,"6":1,"7":1,"8":1,"9":1,"10":1,"11":1},"f":{"0":1,"1":1,"2":1},"b":{},"_coverageSchema":"43e27e138ebf9cfc5966b082cf9a028302ed4184","hash":"4c9deee062822f468df799f7b2f9c2dc1478bf1c"}
,"C:\\Users\\wjonk\\Documents\\Github\\Merch-Dropper-be\\databaseOperations\\seeds\\00-cleanup.js": {"path":"C:\\Users\\wjonk\\Documents\\Github\\Merch-Dropper-be\\databaseOperations\\seeds\\00-cleanup.js","statementMap":{"0":{"start":{"line":1,"column":16},"end":{"line":1,"column":39}},"1":{"start":{"line":3,"column":0},"end":{"line":7,"column":2}},"2":{"start":{"line":4,"column":2},"end":{"line":6,"column":5}}},"fnMap":{"0":{"name":"(anonymous_0)","decl":{"start":{"line":3,"column":15},"end":{"line":3,"column":16}},"loc":{"start":{"line":3,"column":30},"end":{"line":7,"column":1}},"line":3}},"branchMap":{},"s":{"0":1,"1":1,"2":1},"f":{"0":1},"b":{},"_coverageSchema":"43e27e138ebf9cfc5966b082cf9a028302ed4184","hash":"ddacdaa2b29f0e1f76c788281708fa36b4037697"}
,"C:\\Users\\wjonk\\Documents\\Github\\Merch-Dropper-be\\databaseOperations\\seeds\\01-users.js": {"path":"C:\\Users\\wjonk\\Documents\\Github\\Merch-Dropper-be\\databaseOperations\\seeds\\01-users.js","statementMap":{"0":{"start":{"line":1,"column":0},"end":{"line":164,"column":2}},"1":{"start":{"line":2,"column":2},"end":{"line":163,"column":5}}},"fnMap":{"0":{"name":"(anonymous_0)","decl":{"start":{"line":1,"column":15},"end":{"line":1,"column":16}},"loc":{"start":{"line":1,"column":30},"end":{"line":164,"column":1}},"line":1}},"branchMap":{},"s":{"0":1,"1":1},"f":{"0":1},"b":{},"_coverageSchema":"43e27e138ebf9cfc5966b082cf9a028302ed4184","hash":"185db3d17125ec5e7e7b84bdd40d1aa81a4780d9"}
,"C:\\Users\\wjonk\\Documents\\Github\\Merch-Dropper-be\\databaseOperations\\seeds\\02-stores.js": {"path":"C:\\Users\\wjonk\\Documents\\Github\\Merch-Dropper-be\\databaseOperations\\seeds\\02-stores.js","statementMap":{"0":{"start":{"line":1,"column":0},"end":{"line":5,"column":2}},"1":{"start":{"line":2,"column":2},"end":{"line":4,"column":5}}},"fnMap":{"0":{"name":"(anonymous_0)","decl":{"start":{"line":1,"column":15},"end":{"line":1,"column":16}},"loc":{"start":{"line":1,"column":30},"end":{"line":5,"column":1}},"line":1}},"branchMap":{},"s":{"0":1,"1":1},"f":{"0":1},"b":{},"_coverageSchema":"43e27e138ebf9cfc5966b082cf9a028302ed4184","hash":"a4d0303614ff7c256bd24d76b007604aefede8fb"}
,"C:\\Users\\wjonk\\Documents\\Github\\Merch-Dropper-be\\databaseOperations\\seeds\\03-quotes.js": {"path":"C:\\Users\\wjonk\\Documents\\Github\\Merch-Dropper-be\\databaseOperations\\seeds\\03-quotes.js","statementMap":{"0":{"start":{"line":1,"column":0},"end":{"line":24,"column":2}},"1":{"start":{"line":2,"column":2},"end":{"line":23,"column":5}}},"fnMap":{"0":{"name":"(anonymous_0)","decl":{"start":{"line":1,"column":15},"end":{"line":1,"column":16}},"loc":{"start":{"line":1,"column":30},"end":{"line":24,"column":1}},"line":1}},"branchMap":{},"s":{"0":1,"1":1},"f":{"0":1},"b":{},"_coverageSchema":"43e27e138ebf9cfc5966b082cf9a028302ed4184","hash":"3947fab1d3c5ca61c0640cf83a20936399329e19"}
,"C:\\Users\\wjonk\\Documents\\Github\\Merch-Dropper-be\\databaseOperations\\seeds\\04-orders.js": {"path":"C:\\Users\\wjonk\\Documents\\Github\\Merch-Dropper-be\\databaseOperations\\seeds\\04-orders.js","statementMap":{"0":{"start":{"line":1,"column":0},"end":{"line":46,"column":2}},"1":{"start":{"line":2,"column":2},"end":{"line":45,"column":5}}},"fnMap":{"0":{"name":"(anonymous_0)","decl":{"start":{"line":1,"column":15},"end":{"line":1,"column":16}},"loc":{"start":{"line":1,"column":30},"end":{"line":46,"column":1}},"line":1}},"branchMap":{},"s":{"0":1,"1":1},"f":{"0":1},"b":{},"_coverageSchema":"43e27e138ebf9cfc5966b082cf9a028302ed4184","hash":"22b640a96771663fc3eba45887b2a4e10aa370c1"}
,"C:\\Users\\wjonk\\Documents\\Github\\Merch-Dropper-be\\databaseOperations\\seeds\\05-designs.js": {"path":"C:\\Users\\wjonk\\Documents\\Github\\Merch-Dropper-be\\databaseOperations\\seeds\\05-designs.js","statementMap":{"0":{"start":{"line":1,"column":0},"end":{"line":25,"column":2}},"1":{"start":{"line":2,"column":2},"end":{"line":24,"column":5}}},"fnMap":{"0":{"name":"(anonymous_0)","decl":{"start":{"line":1,"column":15},"end":{"line":1,"column":16}},"loc":{"start":{"line":1,"column":30},"end":{"line":25,"column":1}},"line":1}},"branchMap":{},"s":{"0":1,"1":1},"f":{"0":1},"b":{},"_coverageSchema":"43e27e138ebf9cfc5966b082cf9a028302ed4184","hash":"84f2895b2bc057bda41320fbf7854ef58b87c6b2"}
,"C:\\Users\\wjonk\\Documents\\Github\\Merch-Dropper-be\\databaseOperations\\seeds\\06-products.js": {"path":"C:\\Users\\wjonk\\Documents\\Github\\Merch-Dropper-be\\databaseOperations\\seeds\\06-products.js","statementMap":{"0":{"start":{"line":1,"column":0},"end":{"line":15,"column":2}},"1":{"start":{"line":2,"column":2},"end":{"line":14,"column":5}}},"fnMap":{"0":{"name":"(anonymous_0)","decl":{"start":{"line":1,"column":15},"end":{"line":1,"column":16}},"loc":{"start":{"line":1,"column":30},"end":{"line":15,"column":1}},"line":1}},"branchMap":{},"s":{"0":1,"1":1},"f":{"0":1},"b":{},"_coverageSchema":"43e27e138ebf9cfc5966b082cf9a028302ed4184","hash":"33380c8e9e387b1e647f0c7487cfe4825972d78f"}
,"C:\\Users\\wjonk\\Documents\\Github\\Merch-Dropper-be\\globalMiddleware\\restrictedMiddleware.js": {"path":"C:\\Users\\wjonk\\Documents\\Github\\Merch-Dropper-be\\globalMiddleware\\restrictedMiddleware.js","statementMap":{},"fnMap":{},"branchMap":{},"s":{},"f":{},"b":{},"hash":"6577c015b83df4cc562f467847331426efd939bc"}
}
