TN:
SF:C:\Users\wjonk\Documents\Github\Merch-Dropper-be\index.js
FN:18,(anonymous_0)
FNF:1
FNH:0
FNDA:0,(anonymous_0)
DA:1,0
DA:2,0
DA:3,0
DA:6,0
DA:8,0
DA:10,0
DA:18,0
DA:19,0
LF:8
LH:0
BRDA:8,0,0,0
BRDA:8,0,1,0
BRF:2
BRH:0
end_of_record
TN:
SF:C:\Users\wjonk\Documents\Github\Merch-Dropper-be\knexfile.js
FNF:0
FNH:0
DA:1,1
LF:1
LH:1
BRF:0
BRH:0
end_of_record
TN:
SF:C:\Users\wjonk\Documents\Github\Merch-Dropper-be\server.js
FN:24,(anonymous_0)
FN:55,(anonymous_1)
FNF:2
FNH:2
FNDA:107,(anonymous_0)
FNDA:3,(anonymous_1)
DA:1,1
DA:2,1
DA:3,1
DA:4,1
DA:5,1
DA:8,1
DA:9,1
DA:10,1
DA:11,1
DA:12,1
DA:13,1
DA:14,1
DA:15,1
DA:17,1
DA:19,1
DA:20,1
DA:21,1
DA:23,1
DA:25,107
DA:45,1
DA:46,1
DA:47,1
DA:48,1
DA:49,1
DA:50,1
DA:51,1
DA:52,1
DA:55,1
DA:56,3
DA:59,1
LF:30
LH:30
BRF:0
BRH:0
end_of_record
TN:
SF:C:\Users\wjonk\Documents\Github\Merch-Dropper-be\authOperations\authRouter.js
FN:7,(anonymous_0)
FN:26,(anonymous_1)
FN:31,(anonymous_2)
FN:42,(anonymous_3)
FN:50,generateToken
FNF:5
FNH:4
FNDA:2,(anonymous_0)
FNDA:3,(anonymous_1)
FNDA:3,(anonymous_2)
FNDA:0,(anonymous_3)
FNDA:1,generateToken
DA:1,1
DA:2,1
DA:3,1
DA:5,1
DA:7,1
DA:8,2
DA:9,2
DA:10,2
DA:11,2
DA:13,2
DA:15,2
DA:17,1
DA:19,1
DA:26,1
DA:27,3
DA:29,3
DA:32,3
DA:33,1
DA:34,1
DA:39,2
DA:44,0
DA:51,1
DA:56,1
DA:60,1
DA:63,1
LF:25
LH:24
BRDA:32,0,0,1
BRDA:32,0,1,2
BRDA:32,1,0,3
BRDA:32,1,1,2
BRF:4
BRH:4
end_of_record
TN:
SF:C:\Users\wjonk\Documents\Github\Merch-Dropper-be\authOperations\authMiddleware\verifyLoginInfo.js
FNF:0
FNH:0
LF:0
LH:0
BRF:0
BRH:0
end_of_record
TN:
SF:C:\Users\wjonk\Documents\Github\Merch-Dropper-be\authOperations\authMiddleware\verifyRegisterInfo.js
FNF:0
FNH:0
LF:0
LH:0
BRF:0
BRH:0
end_of_record
TN:
SF:C:\Users\wjonk\Documents\Github\Merch-Dropper-be\coverage\lcov-report\block-navigation.js
FN:2,init
FN:24,toggleClass
FN:31,makeCurrent
FN:41,goToPrevious
FN:52,goToNext
FN:65,jump
FNF:6
FNH:0
FNDA:0,init
FNDA:0,toggleClass
FNDA:0,makeCurrent
FNDA:0,goToPrevious
FNDA:0,goToNext
FNDA:0,jump
DA:2,0
DA:4,0
DA:7,0
DA:10,0
DA:14,0
DA:20,0
DA:25,0
DA:28,0
DA:32,0
DA:33,0
DA:34,0
DA:42,0
DA:43,0
DA:44,0
DA:45,0
DA:46,0
DA:49,0
DA:53,0
DA:55,0
DA:59,0
DA:62,0
DA:65,0
DA:66,0
DA:69,0
DA:70,0
DA:74,0
DA:75,0
DA:79,0
LF:28
LH:0
BRDA:43,0,0,0
BRDA:43,0,1,0
BRDA:43,1,0,0
BRDA:43,1,1,0
BRDA:45,2,0,0
BRDA:45,2,1,0
BRDA:55,3,0,0
BRDA:55,3,1,0
BRDA:56,4,0,0
BRDA:56,4,1,0
BRDA:66,5,0,0
BRDA:66,5,1,0
BRDA:66,5,2,0
BRDA:66,5,3,0
BRDA:66,5,4,0
BRF:15
BRH:0
end_of_record
TN:
SF:C:\Users\wjonk\Documents\Github\Merch-Dropper-be\coverage\lcov-report\prettify.js
FN:2,(anonymous_0)
FN:2,k
FN:2,ab
FN:2,T
FN:2,X
FN:2,(anonymous_5)
FN:2,W
FN:2,(anonymous_7)
FN:2,a
FN:2,aa
FN:2,B
FN:2,o
FN:2,g
FN:2,(anonymous_13)
FN:2,(anonymous_14)
FN:2,i
FN:2,Q
FN:2,ae
FN:2,ad
FN:2,ai
FN:2,D
FN:2,c
FN:2,q
FN:2,d
FN:2,y
FN:2,b
FN:2,Y
FN:2,(anonymous_27)
FN:2,U
FNF:29
FNH:0
FNDA:0,(anonymous_0)
FNDA:0,k
FNDA:0,ab
FNDA:0,T
FNDA:0,X
FNDA:0,(anonymous_5)
FNDA:0,W
FNDA:0,(anonymous_7)
FNDA:0,a
FNDA:0,aa
FNDA:0,B
FNDA:0,o
FNDA:0,g
FNDA:0,(anonymous_13)
FNDA:0,(anonymous_14)
FNDA:0,i
FNDA:0,Q
FNDA:0,ae
FNDA:0,ad
FNDA:0,ai
FNDA:0,D
FNDA:0,c
FNDA:0,q
FNDA:0,d
FNDA:0,y
FNDA:0,b
FNDA:0,Y
FNDA:0,(anonymous_27)
FNDA:0,U
DA:2,0
LF:1
LH:0
BRDA:2,0,0,0
BRDA:2,0,1,0
BRDA:2,1,0,0
BRDA:2,1,1,0
BRDA:2,2,0,0
BRDA:2,2,1,0
BRDA:2,3,0,0
BRDA:2,3,1,0
BRDA:2,4,0,0
BRDA:2,4,1,0
BRDA:2,5,0,0
BRDA:2,5,1,0
BRDA:2,6,0,0
BRDA:2,6,1,0
BRDA:2,7,0,0
BRDA:2,7,1,0
BRDA:2,8,0,0
BRDA:2,8,1,0
BRDA:2,9,0,0
BRDA:2,9,1,0
BRDA:2,10,0,0
BRDA:2,10,1,0
BRDA:2,11,0,0
BRDA:2,11,1,0
BRDA:2,11,2,0
BRDA:2,11,3,0
BRDA:2,12,0,0
BRDA:2,12,1,0
BRDA:2,13,0,0
BRDA:2,13,1,0
BRDA:2,14,0,0
BRDA:2,14,1,0
BRDA:2,15,0,0
BRDA:2,15,1,0
BRDA:2,16,0,0
BRDA:2,16,1,0
BRDA:2,17,0,0
BRDA:2,17,1,0
BRDA:2,18,0,0
BRDA:2,18,1,0
BRDA:2,19,0,0
BRDA:2,19,1,0
BRDA:2,20,0,0
BRDA:2,20,1,0
BRDA:2,21,0,0
BRDA:2,21,1,0
BRDA:2,22,0,0
BRDA:2,22,1,0
BRDA:2,23,0,0
BRDA:2,23,1,0
BRDA:2,24,0,0
BRDA:2,24,1,0
BRDA:2,25,0,0
BRDA:2,25,1,0
BRDA:2,26,0,0
BRDA:2,26,1,0
BRDA:2,27,0,0
BRDA:2,27,1,0
BRDA:2,28,0,0
BRDA:2,28,1,0
BRDA:2,29,0,0
BRDA:2,29,1,0
BRDA:2,30,0,0
BRDA:2,30,1,0
BRDA:2,31,0,0
BRDA:2,31,1,0
BRDA:2,32,0,0
BRDA:2,32,1,0
BRDA:2,33,0,0
BRDA:2,33,1,0
BRDA:2,34,0,0
BRDA:2,34,1,0
BRDA:2,35,0,0
BRDA:2,35,1,0
BRDA:2,36,0,0
BRDA:2,36,1,0
BRDA:2,37,0,0
BRDA:2,37,1,0
BRDA:2,38,0,0
BRDA:2,38,1,0
BRDA:2,39,0,0
BRDA:2,39,1,0
BRDA:2,40,0,0
BRDA:2,40,1,0
BRDA:2,41,0,0
BRDA:2,41,1,0
BRDA:2,42,0,0
BRDA:2,42,1,0
BRDA:2,43,0,0
BRDA:2,43,1,0
BRDA:2,44,0,0
BRDA:2,44,1,0
BRDA:2,45,0,0
BRDA:2,45,1,0
BRDA:2,46,0,0
BRDA:2,46,1,0
BRDA:2,47,0,0
BRDA:2,47,1,0
BRDA:2,48,0,0
BRDA:2,48,1,0
BRDA:2,49,0,0
BRDA:2,49,1,0
BRDA:2,50,0,0
BRDA:2,50,1,0
BRDA:2,50,2,0
BRDA:2,51,0,0
BRDA:2,51,1,0
BRDA:2,52,0,0
BRDA:2,52,1,0
BRDA:2,53,0,0
BRDA:2,53,1,0
BRDA:2,54,0,0
BRDA:2,54,1,0
BRDA:2,55,0,0
BRDA:2,55,1,0
BRDA:2,56,0,0
BRDA:2,56,1,0
BRDA:2,57,0,0
BRDA:2,57,1,0
BRDA:2,58,0,0
BRDA:2,58,1,0
BRDA:2,59,0,0
BRDA:2,59,1,0
BRDA:2,60,0,0
BRDA:2,60,1,0
BRDA:2,61,0,0
BRDA:2,61,1,0
BRDA:2,62,0,0
BRDA:2,62,1,0
BRDA:2,63,0,0
BRDA:2,63,1,0
BRDA:2,64,0,0
BRDA:2,64,1,0
BRDA:2,65,0,0
BRDA:2,65,1,0
BRDA:2,66,0,0
BRDA:2,66,1,0
BRDA:2,67,0,0
BRDA:2,67,1,0
BRDA:2,68,0,0
BRDA:2,68,1,0
BRDA:2,69,0,0
BRDA:2,69,1,0
BRDA:2,70,0,0
BRDA:2,70,1,0
BRDA:2,71,0,0
BRDA:2,71,1,0
BRDA:2,72,0,0
BRDA:2,72,1,0
BRDA:2,73,0,0
BRDA:2,73,1,0
BRDA:2,74,0,0
BRDA:2,74,1,0
BRDA:2,75,0,0
BRDA:2,75,1,0
BRDA:2,76,0,0
BRDA:2,76,1,0
BRDA:2,77,0,0
BRDA:2,77,1,0
BRDA:2,78,0,0
BRDA:2,78,1,0
BRDA:2,79,0,0
BRDA:2,79,1,0
BRDA:2,80,0,0
BRDA:2,80,1,0
BRDA:2,81,0,0
BRDA:2,81,1,0
BRDA:2,82,0,0
BRDA:2,82,1,0
BRDA:2,83,0,0
BRDA:2,83,1,0
BRDA:2,84,0,0
BRDA:2,84,1,0
BRDA:2,85,0,0
BRDA:2,85,1,0
BRDA:2,86,0,0
BRDA:2,86,1,0
BRDA:2,87,0,0
BRDA:2,87,1,0
BRDA:2,88,0,0
BRDA:2,88,1,0
BRDA:2,89,0,0
BRDA:2,89,1,0
BRDA:2,89,2,0
BRDA:2,90,0,0
BRDA:2,90,1,0
BRDA:2,91,0,0
BRDA:2,91,1,0
BRDA:2,92,0,0
BRDA:2,92,1,0
BRDA:2,93,0,0
BRDA:2,93,1,0
BRDA:2,94,0,0
BRDA:2,94,1,0
BRDA:2,95,0,0
BRDA:2,95,1,0
BRDA:2,96,0,0
BRDA:2,96,1,0
BRDA:2,97,0,0
BRDA:2,97,1,0
BRDA:2,98,0,0
BRDA:2,98,1,0
BRDA:2,99,0,0
BRDA:2,99,1,0
BRDA:2,100,0,0
BRDA:2,100,1,0
BRDA:2,101,0,0
BRDA:2,101,1,0
BRDA:2,102,0,0
BRDA:2,102,1,0
BRDA:2,103,0,0
BRDA:2,103,1,0
BRDA:2,104,0,0
BRDA:2,104,1,0
BRDA:2,105,0,0
BRDA:2,105,1,0
BRDA:2,106,0,0
BRDA:2,106,1,0
BRDA:2,107,0,0
BRDA:2,107,1,0
BRDA:2,108,0,0
BRDA:2,108,1,0
BRDA:2,109,0,0
BRDA:2,109,1,0
BRDA:2,110,0,0
BRDA:2,110,1,0
BRDA:2,111,0,0
BRDA:2,111,1,0
BRDA:2,112,0,0
BRDA:2,112,1,0
BRDA:2,113,0,0
BRDA:2,113,1,0
BRDA:2,114,0,0
BRDA:2,114,1,0
BRDA:2,115,0,0
BRDA:2,115,1,0
BRDA:2,116,0,0
BRDA:2,116,1,0
BRDA:2,117,0,0
BRDA:2,117,1,0
BRDA:2,118,0,0
BRDA:2,118,1,0
BRDA:2,119,0,0
BRDA:2,119,1,0
BRDA:2,120,0,0
BRDA:2,120,1,0
BRDA:2,121,0,0
BRDA:2,121,1,0
BRDA:2,122,0,0
BRDA:2,122,1,0
BRDA:2,123,0,0
BRDA:2,123,1,0
BRDA:2,124,0,0
BRDA:2,124,1,0
BRDA:2,125,0,0
BRDA:2,125,1,0
BRDA:2,126,0,0
BRDA:2,126,1,0
BRDA:2,127,0,0
BRDA:2,127,1,0
BRDA:2,128,0,0
BRDA:2,128,1,0
BRDA:2,128,2,0
BRDA:2,129,0,0
BRDA:2,129,1,0
BRDA:2,130,0,0
BRDA:2,130,1,0
BRDA:2,131,0,0
BRDA:2,131,1,0
BRDA:2,131,2,0
BRDA:2,131,3,0
BRDA:2,131,4,0
BRDA:2,132,0,0
BRDA:2,132,1,0
BRDA:2,133,0,0
BRDA:2,133,1,0
BRDA:2,134,0,0
BRDA:2,134,1,0
BRDA:2,135,0,0
BRDA:2,135,1,0
BRDA:2,136,0,0
BRDA:2,136,1,0
BRDA:2,137,0,0
BRDA:2,137,1,0
BRDA:2,138,0,0
BRDA:2,138,1,0
BRF:286
BRH:0
end_of_record
TN:
SF:C:\Users\wjonk\Documents\Github\Merch-Dropper-be\coverage\lcov-report\sorter.js
FN:2,(anonymous_0)
FN:11,getTable
FN:15,getTableHeader
FN:19,getTableBody
FN:23,getNthColumn
FN:28,loadColumns
FN:53,loadRowData
FN:72,loadData
FN:81,sortByIndex
FN:83,(anonymous_9)
FN:95,(anonymous_10)
FN:112,removeSortIndicators
FN:120,addSortIndicators
FN:126,enableUI
FN:129,ithSorter
FN:132,(anonymous_15)
FN:159,(anonymous_16)
FNF:17
FNH:0
FNDA:0,(anonymous_0)
FNDA:0,getTable
FNDA:0,getTableHeader
FNDA:0,getTableBody
FNDA:0,getNthColumn
FNDA:0,loadColumns
FNDA:0,loadRowData
FNDA:0,loadData
FNDA:0,sortByIndex
FNDA:0,(anonymous_9)
FNDA:0,(anonymous_10)
FNDA:0,removeSortIndicators
FNDA:0,addSortIndicators
FNDA:0,enableUI
FNDA:0,ithSorter
FNDA:0,(anonymous_15)
FNDA:0,(anonymous_16)
DA:2,0
DA:5,0
DA:12,0
DA:16,0
DA:20,0
DA:24,0
DA:29,0
DA:31,0
DA:35,0
DA:36,0
DA:37,0
DA:42,0
DA:43,0
DA:44,0
DA:45,0
DA:49,0
DA:54,0
DA:57,0
DA:60,0
DA:61,0
DA:62,0
DA:63,0
DA:64,0
DA:65,0
DA:67,0
DA:69,0
DA:73,0
DA:76,0
DA:77,0
DA:82,0
DA:83,0
DA:84,0
DA:85,0
DA:86,0
DA:88,0
DA:89,0
DA:90,0
DA:91,0
DA:94,0
DA:95,0
DA:96,0
DA:100,0
DA:101,0
DA:102,0
DA:105,0
DA:107,0
DA:108,0
DA:113,0
DA:114,0
DA:116,0
DA:117,0
DA:121,0
DA:129,0
DA:130,0
DA:132,0
DA:133,0
DA:135,0
DA:136,0
DA:138,0
DA:139,0
DA:140,0
DA:141,0
DA:142,0
DA:145,0
DA:146,0
DA:149,0
DA:150,0
DA:151,0
DA:153,0
DA:159,0
DA:160,0
DA:161,0
DA:163,0
DA:164,0
DA:165,0
DA:166,0
DA:170,0
LF:77
LH:0
BRDA:40,0,0,0
BRDA:40,0,1,0
BRDA:43,1,0,0
BRDA:43,1,1,0
BRDA:64,2,0,0
BRDA:64,2,1,0
BRDA:86,3,0,0
BRDA:86,3,1,0
BRDA:86,4,0,0
BRDA:86,4,1,0
BRDA:94,5,0,0
BRDA:94,5,1,0
BRDA:121,6,0,0
BRDA:121,6,1,0
BRDA:135,7,0,0
BRDA:135,7,1,0
BRDA:146,8,0,0
BRDA:146,8,1,0
BRDA:150,9,0,0
BRDA:150,9,1,0
BRDA:160,10,0,0
BRDA:160,10,1,0
BRF:22
BRH:0
end_of_record
TN:
SF:C:\Users\wjonk\Documents\Github\Merch-Dropper-be\crudOperations\designOperations\designsModel.js
FNF:0
FNH:0
LF:0
LH:0
BRF:0
BRH:0
end_of_record
TN:
SF:C:\Users\wjonk\Documents\Github\Merch-Dropper-be\crudOperations\designOperations\designsRouter.js
FN:9,(anonymous_0)
FN:37,(anonymous_1)
FN:51,(anonymous_2)
FN:73,(anonymous_3)
FN:97,(anonymous_4)
FNF:5
FNH:5
FNDA:1,(anonymous_0)
FNDA:1,(anonymous_1)
FNDA:3,(anonymous_2)
FNDA:3,(anonymous_3)
FNDA:3,(anonymous_4)
DA:1,1
DA:2,1
DA:3,1
DA:9,1
DA:10,1
DA:11,1
DA:12,1
DA:20,1
DA:21,1
DA:22,1
DA:24,0
DA:27,0
DA:37,1
DA:38,1
DA:39,1
DA:40,1
DA:42,0
DA:51,1
DA:52,3
DA:53,3
DA:55,3
DA:56,1
DA:58,2
DA:63,0
DA:73,1
DA:74,3
DA:75,3
DA:79,3
DA:80,1
DA:84,2
DA:87,0
DA:97,1
DA:98,3
DA:99,3
DA:100,3
DA:101,1
DA:103,2
DA:106,0
DA:114,1
LF:39
LH:33
BRDA:20,0,0,1
BRDA:20,0,1,0
BRDA:55,1,0,1
BRDA:55,1,1,2
BRDA:79,2,0,1
BRDA:79,2,1,2
BRDA:100,3,0,1
BRDA:100,3,1,2
BRF:8
BRH:7
end_of_record
TN:
SF:C:\Users\wjonk\Documents\Github\Merch-Dropper-be\crudOperations\helperVariables\headers.js
FNF:0
FNH:0
DA:1,0
DA:7,0
LF:2
LH:0
BRF:0
BRH:0
end_of_record
TN:
SF:C:\Users\wjonk\Documents\Github\Merch-Dropper-be\crudOperations\helperVariables\models.js
FN:4,(anonymous_0)
FN:8,(anonymous_1)
FN:11,(anonymous_2)
FN:17,(anonymous_3)
FN:21,(anonymous_4)
FN:28,(anonymous_5)
FN:35,(anonymous_6)
FN:42,(anonymous_7)
FN:49,(anonymous_8)
FN:65,(anonymous_9)
FN:69,(anonymous_10)
FN:78,(anonymous_11)
FN:82,(anonymous_12)
FN:91,(anonymous_13)
FN:95,(anonymous_14)
FN:104,(anonymous_15)
FN:108,(anonymous_16)
FN:117,(anonymous_17)
FN:123,(anonymous_18)
FN:129,(anonymous_19)
FN:135,(anonymous_20)
FN:141,(anonymous_21)
FN:157,addEntry
FNF:23
FNH:23
FNDA:6,(anonymous_0)
FNDA:2,(anonymous_1)
FNDA:2,(anonymous_2)
FNDA:6,(anonymous_3)
FNDA:25,(anonymous_4)
FNDA:4,(anonymous_5)
FNDA:5,(anonymous_6)
FNDA:7,(anonymous_7)
FNDA:3,(anonymous_8)
FNDA:15,(anonymous_9)
FNDA:15,(anonymous_10)
FNDA:3,(anonymous_11)
FNDA:3,(anonymous_12)
FNDA:6,(anonymous_13)
FNDA:6,(anonymous_14)
FNDA:3,(anonymous_15)
FNDA:3,(anonymous_16)
FNDA:12,(anonymous_17)
FNDA:6,(anonymous_18)
FNDA:3,(anonymous_19)
FNDA:3,(anonymous_20)
FNDA:3,(anonymous_21)
FNDA:5,addEntry
DA:1,1
DA:5,6
DA:9,2
DA:12,2
DA:13,2
DA:18,6
DA:22,25
DA:29,4
DA:36,5
DA:43,7
DA:50,3
DA:66,15
DA:70,15
DA:71,5
DA:73,10
DA:79,3
DA:83,3
DA:84,1
DA:86,2
DA:92,6
DA:96,6
DA:97,2
DA:99,4
DA:105,3
DA:109,3
DA:110,1
DA:112,2
DA:118,12
DA:124,6
DA:130,3
DA:136,3
DA:142,3
DA:148,1
DA:149,1
DA:150,1
DA:151,1
DA:152,1
DA:153,1
DA:158,5
DA:162,3
DA:165,1
LF:41
LH:41
BRDA:70,0,0,5
BRDA:70,0,1,10
BRDA:83,1,0,1
BRDA:83,1,1,2
BRDA:96,2,0,2
BRDA:96,2,1,4
BRDA:109,3,0,1
BRDA:109,3,1,2
BRF:8
BRH:8
end_of_record
TN:
SF:C:\Users\wjonk\Documents\Github\Merch-Dropper-be\crudOperations\helperVariables\orderHelpers.js
FNF:0
FNH:0
LF:0
LH:0
BRF:0
BRH:0
end_of_record
TN:
SF:C:\Users\wjonk\Documents\Github\Merch-Dropper-be\crudOperations\orderOperations\orderModel.js
FN:7,orderMaker
FNF:1
FNH:0
FNDA:0,orderMaker
DA:1,1
DA:3,1
DA:8,0
DA:14,0
DA:15,0
DA:20,0
LF:6
LH:2
BRDA:14,0,0,0
BRDA:14,0,1,0
BRF:2
BRH:0
end_of_record
TN:
SF:C:\Users\wjonk\Documents\Github\Merch-Dropper-be\crudOperations\orderOperations\orderRouter.js
FN:10,(anonymous_0)
FN:54,(anonymous_1)
FN:68,(anonymous_2)
FN:89,(anonymous_3)
FN:110,(anonymous_4)
FN:131,(anonymous_5)
FN:151,(anonymous_6)
FN:173,(anonymous_7)
FN:195,(anonymous_8)
FN:214,(anonymous_9)
FN:233,(anonymous_10)
FNF:11
FNH:10
FNDA:0,(anonymous_0)
FNDA:1,(anonymous_1)
FNDA:3,(anonymous_2)
FNDA:3,(anonymous_3)
FNDA:3,(anonymous_4)
FNDA:3,(anonymous_5)
FNDA:3,(anonymous_6)
FNDA:3,(anonymous_7)
FNDA:3,(anonymous_8)
FNDA:3,(anonymous_9)
FNDA:3,(anonymous_10)
DA:1,1
DA:2,1
DA:3,1
DA:10,1
DA:11,0
DA:12,0
DA:13,0
DA:14,0
DA:15,0
DA:16,0
DA:30,0
DA:31,0
DA:44,0
DA:54,1
DA:55,1
DA:56,1
DA:57,1
DA:59,0
DA:68,1
DA:69,3
DA:70,3
DA:71,3
DA:72,1
DA:74,2
DA:79,0
DA:89,1
DA:90,3
DA:91,3
DA:92,3
DA:93,1
DA:95,2
DA:100,0
DA:110,1
DA:111,3
DA:112,3
DA:113,3
DA:114,1
DA:116,2
DA:121,0
DA:131,1
DA:132,3
DA:133,3
DA:135,3
DA:136,1
DA:138,2
DA:141,0
DA:151,1
DA:152,3
DA:153,3
DA:157,3
DA:158,1
DA:160,2
DA:163,0
DA:173,1
DA:174,3
DA:175,3
DA:179,3
DA:180,1
DA:182,2
DA:185,0
DA:195,1
DA:196,3
DA:197,3
DA:198,3
DA:199,1
DA:201,2
DA:204,0
DA:214,1
DA:215,3
DA:216,3
DA:217,3
DA:218,1
DA:220,2
DA:223,0
DA:233,1
DA:234,3
DA:235,3
DA:236,3
DA:237,1
DA:239,2
DA:244,0
DA:252,1
LF:82
LH:63
BRDA:13,0,0,0
BRDA:13,0,1,0
BRDA:15,1,0,0
BRDA:15,1,1,0
BRDA:71,2,0,1
BRDA:71,2,1,2
BRDA:92,3,0,1
BRDA:92,3,1,2
BRDA:113,4,0,1
BRDA:113,4,1,2
BRDA:135,5,0,1
BRDA:135,5,1,2
BRDA:157,6,0,1
BRDA:157,6,1,2
BRDA:179,7,0,1
BRDA:179,7,1,2
BRDA:198,8,0,1
BRDA:198,8,1,2
BRDA:217,9,0,1
BRDA:217,9,1,2
BRDA:236,10,0,1
BRDA:236,10,1,2
BRF:22
BRH:18
end_of_record
TN:
SF:C:\Users\wjonk\Documents\Github\Merch-Dropper-be\crudOperations\paymentOperations\paymentRouter.js
FN:8,(anonymous_0)
FN:15,(anonymous_1)
FNF:2
FNH:0
FNDA:0,(anonymous_0)
FNDA:0,(anonymous_1)
DA:1,1
DA:3,1
DA:5,1
DA:8,1
DA:9,0
DA:15,0
DA:16,0
DA:17,0
DA:18,0
DA:20,0
DA:29,1
LF:11
LH:5
BRDA:3,0,0,1
BRDA:3,0,1,0
BRDA:16,1,0,0
BRDA:16,1,1,0
BRF:4
BRH:1
end_of_record
TN:
SF:C:\Users\wjonk\Documents\Github\Merch-Dropper-be\crudOperations\productOperations\productModel.js
FN:7,ShirtMaker
FNF:1
FNH:1
FNDA:2,ShirtMaker
DA:1,1
DA:2,1
DA:3,1
DA:8,2
DA:15,2
DA:16,2
DA:21,1
DA:22,1
LF:8
LH:8
BRDA:15,0,0,2
BRDA:15,0,1,0
BRF:2
BRH:1
end_of_record
TN:
SF:C:\Users\wjonk\Documents\Github\Merch-Dropper-be\crudOperations\productOperations\productRouter.js
FN:10,(anonymous_0)
FN:46,(anonymous_1)
FN:74,(anonymous_2)
FN:88,(anonymous_3)
FN:107,(anonymous_4)
FN:129,(anonymous_5)
FNF:6
FNH:6
FNDA:2,(anonymous_0)
FNDA:2,(anonymous_1)
FNDA:1,(anonymous_2)
FNDA:3,(anonymous_3)
FNDA:3,(anonymous_4)
FNDA:3,(anonymous_5)
DA:1,1
DA:2,1
DA:3,1
DA:10,1
DA:11,2
DA:12,2
DA:13,2
DA:22,2
DA:23,2
DA:29,1
DA:36,1
DA:46,1
DA:47,2
DA:48,2
DA:50,2
DA:51,2
DA:53,1
DA:54,1
DA:64,1
DA:74,1
DA:75,1
DA:76,1
DA:77,1
DA:79,0
DA:88,1
DA:89,3
DA:90,3
DA:91,3
DA:92,1
DA:94,2
DA:97,0
DA:107,1
DA:108,3
DA:109,3
DA:110,3
DA:111,3
DA:112,1
DA:116,2
DA:119,0
DA:129,1
DA:130,3
DA:131,3
DA:132,3
DA:133,1
DA:135,2
DA:138,0
DA:146,1
LF:47
LH:43
BRDA:22,0,0,2
BRDA:22,0,1,0
BRDA:50,1,0,2
BRDA:50,1,1,0
BRDA:53,2,0,1
BRDA:53,2,1,0
BRDA:91,3,0,1
BRDA:91,3,1,2
BRDA:111,4,0,1
BRDA:111,4,1,2
BRDA:132,5,0,1
BRDA:132,5,1,2
BRF:12
BRH:9
end_of_record
TN:
SF:C:\Users\wjonk\Documents\Github\Merch-Dropper-be\crudOperations\quoteOperations\quoteModel.js
FN:7,quoteMaker
FNF:1
FNH:1
FNDA:1,quoteMaker
DA:1,1
DA:3,1
DA:8,1
DA:14,1
DA:15,1
DA:20,1
LF:6
LH:6
BRDA:14,0,0,1
BRDA:14,0,1,0
BRF:2
BRH:1
end_of_record
TN:
SF:C:\Users\wjonk\Documents\Github\Merch-Dropper-be\crudOperations\quoteOperations\quoteRouter.js
FN:10,(anonymous_0)
FN:51,(anonymous_1)
FN:66,(anonymous_2)
FN:87,(anonymous_3)
FN:110,(anonymous_4)
FN:129,(anonymous_5)
FN:153,(anonymous_6)
FN:172,(anonymous_7)
FNF:8
FNH:7
FNDA:1,(anonymous_0)
FNDA:1,(anonymous_1)
FNDA:3,(anonymous_2)
FNDA:0,(anonymous_3)
FNDA:3,(anonymous_4)
FNDA:3,(anonymous_5)
FNDA:3,(anonymous_6)
FNDA:3,(anonymous_7)
DA:1,1
DA:2,1
DA:3,1
DA:10,1
DA:11,1
DA:12,1
DA:13,1
DA:14,1
DA:15,1
DA:16,1
DA:28,1
DA:29,1
DA:41,0
DA:51,1
DA:52,1
DA:53,1
DA:55,1
DA:57,0
DA:66,1
DA:67,3
DA:68,3
DA:69,3
DA:70,1
DA:72,2
DA:77,0
DA:87,1
DA:88,0
DA:89,0
DA:91,0
DA:92,0
DA:94,0
DA:100,0
DA:110,1
DA:111,3
DA:112,3
DA:113,3
DA:114,1
DA:116,2
DA:119,0
DA:129,1
DA:130,3
DA:132,3
DA:137,3
DA:138,1
DA:140,2
DA:143,0
DA:153,1
DA:154,3
DA:155,3
DA:156,3
DA:157,1
DA:159,2
DA:162,0
DA:172,1
DA:173,3
DA:174,3
DA:175,3
DA:176,1
DA:178,2
DA:183,0
DA:191,1
LF:61
LH:48
BRDA:13,0,0,1
BRDA:13,0,1,0
BRDA:15,1,0,1
BRDA:15,1,1,0
BRDA:69,2,0,1
BRDA:69,2,1,2
BRDA:91,3,0,0
BRDA:91,3,1,0
BRDA:113,4,0,1
BRDA:113,4,1,2
BRDA:137,5,0,1
BRDA:137,5,1,2
BRDA:156,6,0,1
BRDA:156,6,1,2
BRDA:175,7,0,1
BRDA:175,7,1,2
BRF:16
BRH:12
end_of_record
TN:
SF:C:\Users\wjonk\Documents\Github\Merch-Dropper-be\crudOperations\storeOperations\storeModel.js
FNF:0
FNH:0
DA:1,1
DA:3,1
LF:2
LH:2
BRF:0
BRH:0
end_of_record
TN:
SF:C:\Users\wjonk\Documents\Github\Merch-Dropper-be\crudOperations\storeOperations\storeRouter.js
FN:10,(anonymous_0)
FN:33,(anonymous_1)
FN:50,(anonymous_2)
FN:70,(anonymous_3)
FN:93,(anonymous_4)
FN:112,(anonymous_5)
FNF:6
FNH:6
FNDA:3,(anonymous_0)
FNDA:1,(anonymous_1)
FNDA:3,(anonymous_2)
FNDA:3,(anonymous_3)
FNDA:3,(anonymous_4)
FNDA:3,(anonymous_5)
DA:1,1
DA:2,1
DA:3,1
DA:10,1
DA:11,3
DA:12,3
DA:14,3
DA:15,2
DA:17,1
DA:18,1
DA:23,0
DA:33,1
DA:34,1
DA:35,1
DA:37,1
DA:38,1
DA:41,0
DA:50,1
DA:51,3
DA:52,3
DA:54,3
DA:55,1
DA:57,2
DA:60,0
DA:70,1
DA:71,3
DA:72,3
DA:74,3
DA:75,1
DA:77,2
DA:83,0
DA:93,1
DA:94,3
DA:95,3
DA:96,3
DA:97,1
DA:99,2
DA:102,0
DA:112,1
DA:113,3
DA:114,3
DA:115,3
DA:116,1
DA:118,2
DA:124,0
DA:153,1
LF:46
LH:40
BRDA:14,0,0,2
BRDA:14,0,1,1
BRDA:14,1,0,3
BRDA:14,1,1,1
BRDA:37,2,0,1
BRDA:37,2,1,0
BRDA:54,3,0,1
BRDA:54,3,1,2
BRDA:74,4,0,1
BRDA:74,4,1,2
BRDA:96,5,0,1
BRDA:96,5,1,2
BRDA:115,6,0,1
BRDA:115,6,1,2
BRF:14
BRH:13
end_of_record
TN:
SF:C:\Users\wjonk\Documents\Github\Merch-Dropper-be\crudOperations\userOperations\userModel.js
FNF:0
FNH:0
LF:0
LH:0
BRF:0
BRH:0
end_of_record
TN:
SF:C:\Users\wjonk\Documents\Github\Merch-Dropper-be\crudOperations\userOperations\userRouter.js
FN:10,(anonymous_0)
FN:24,(anonymous_1)
FN:43,(anonymous_2)
FN:63,(anonymous_3)
FN:85,(anonymous_4)
FNF:5
FNH:5
FNDA:1,(anonymous_0)
FNDA:3,(anonymous_1)
FNDA:3,(anonymous_2)
FNDA:3,(anonymous_3)
FNDA:3,(anonymous_4)
DA:1,1
DA:3,1
DA:10,1
DA:11,1
DA:12,1
DA:13,1
DA:15,0
DA:24,1
DA:25,3
DA:26,3
DA:27,3
DA:28,1
DA:30,2
DA:33,0
DA:43,1
DA:45,3
DA:46,3
DA:47,3
DA:48,1
DA:50,2
DA:53,0
DA:63,1
DA:64,3
DA:65,3
DA:69,3
DA:70,1
DA:72,2
DA:75,0
DA:85,1
DA:86,3
DA:87,3
DA:88,3
DA:89,1
DA:91,2
DA:94,0
DA:120,1
LF:36
LH:31
BRDA:27,0,0,1
BRDA:27,0,1,2
BRDA:47,1,0,1
BRDA:47,1,1,2
BRDA:69,2,0,1
BRDA:69,2,1,2
BRDA:88,3,0,1
BRDA:88,3,1,2
BRF:8
BRH:8
end_of_record
TN:
SF:C:\Users\wjonk\Documents\Github\Merch-Dropper-be\databaseOperations\db-config.js
FNF:0
FNH:0
DA:1,1
DA:3,1
DA:5,1
DA:7,1
LF:4
LH:4
BRDA:5,0,0,1
BRDA:5,0,1,0
BRF:2
BRH:1
end_of_record
TN:
SF:C:\Users\wjonk\Documents\Github\Merch-Dropper-be\databaseOperations\migrations\20200128163829_users.js
FN:1,(anonymous_0)
FN:2,(anonymous_1)
FN:39,(anonymous_2)
FNF:3
FNH:3
FNDA:1,(anonymous_0)
FNDA:1,(anonymous_1)
FNDA:1,(anonymous_2)
DA:1,1
DA:2,1
DA:3,1
DA:4,1
DA:5,1
DA:6,1
DA:10,1
DA:11,1
DA:15,1
DA:16,1
DA:17,1
DA:18,1
DA:19,1
DA:20,1
DA:21,1
DA:22,1
DA:23,1
DA:24,1
DA:25,1
DA:26,1
DA:27,1
DA:28,1
DA:29,1
DA:30,1
DA:31,1
DA:32,1
DA:33,1
DA:34,1
DA:35,1
DA:39,1
DA:40,1
LF:31
LH:31
BRF:0
BRH:0
end_of_record
TN:
SF:C:\Users\wjonk\Documents\Github\Merch-Dropper-be\databaseOperations\migrations\20200207103817_stores.js
FN:1,(anonymous_0)
FN:2,(anonymous_1)
FN:30,(anonymous_2)
FNF:3
FNH:3
FNDA:1,(anonymous_0)
FNDA:1,(anonymous_1)
FNDA:1,(anonymous_2)
DA:1,1
DA:2,1
DA:3,1
DA:4,1
DA:5,1
DA:9,1
DA:15,1
DA:19,1
DA:20,1
DA:30,1
DA:31,1
LF:11
LH:11
BRF:0
BRH:0
end_of_record
TN:
SF:C:\Users\wjonk\Documents\Github\Merch-Dropper-be\databaseOperations\migrations\20200207103831_quotes.js
FN:1,(anonymous_0)
FN:2,(anonymous_1)
FN:35,(anonymous_2)
FNF:3
FNH:3
FNDA:1,(anonymous_0)
FNDA:1,(anonymous_1)
FNDA:1,(anonymous_2)
DA:1,1
DA:2,1
DA:3,1
DA:4,1
DA:5,1
DA:6,1
DA:7,1
DA:8,1
DA:9,1
DA:13,1
DA:14,1
DA:18,1
DA:25,1
DA:35,1
DA:36,1
LF:15
LH:15
BRF:0
BRH:0
end_of_record
TN:
SF:C:\Users\wjonk\Documents\Github\Merch-Dropper-be\databaseOperations\migrations\20200207103849_orders.js
FN:1,(anonymous_0)
FN:2,(anonymous_1)
FN:35,(anonymous_2)
FNF:3
FNH:3
FNDA:1,(anonymous_0)
FNDA:1,(anonymous_1)
FNDA:1,(anonymous_2)
DA:1,1
DA:2,1
DA:3,1
DA:4,1
DA:5,1
DA:6,1
DA:7,1
DA:8,1
DA:9,1
DA:10,1
DA:14,1
DA:15,1
DA:16,1
DA:17,1
DA:18,1
DA:25,1
DA:35,1
DA:36,1
LF:18
LH:18
BRF:0
BRH:0
end_of_record
TN:
SF:C:\Users\wjonk\Documents\Github\Merch-Dropper-be\databaseOperations\migrations\20200207103906_designs.js
FN:1,(anonymous_0)
FN:2,(anonymous_1)
FN:25,(anonymous_2)
FNF:3
FNH:3
FNDA:1,(anonymous_0)
FNDA:1,(anonymous_1)
FNDA:1,(anonymous_2)
DA:1,1
DA:2,1
DA:3,1
DA:4,1
DA:5,1
DA:6,1
DA:7,1
DA:14,1
DA:21,1
DA:25,1
DA:26,1
LF:11
LH:11
BRF:0
BRH:0
end_of_record
TN:
SF:C:\Users\wjonk\Documents\Github\Merch-Dropper-be\databaseOperations\migrations\20200212143214_products.js
FN:1,(anonymous_0)
FN:2,(anonymous_1)
FN:20,(anonymous_2)
FNF:3
FNH:3
FNDA:1,(anonymous_0)
FNDA:1,(anonymous_1)
FNDA:1,(anonymous_2)
DA:1,1
DA:2,1
DA:3,1
DA:4,1
DA:5,1
DA:6,1
DA:7,1
DA:8,1
DA:9,1
DA:16,1
DA:20,1
DA:21,1
LF:12
LH:12
BRF:0
BRH:0
end_of_record
TN:
SF:C:\Users\wjonk\Documents\Github\Merch-Dropper-be\databaseOperations\seeds\00-cleanup.js
FN:3,(anonymous_0)
FNF:1
FNH:1
FNDA:1,(anonymous_0)
DA:1,1
DA:3,1
DA:4,1
LF:3
LH:3
BRF:0
BRH:0
end_of_record
TN:
SF:C:\Users\wjonk\Documents\Github\Merch-Dropper-be\databaseOperations\seeds\01-users.js
FN:1,(anonymous_0)
FNF:1
FNH:1
FNDA:1,(anonymous_0)
DA:1,1
DA:2,1
LF:2
LH:2
BRF:0
BRH:0
end_of_record
TN:
SF:C:\Users\wjonk\Documents\Github\Merch-Dropper-be\databaseOperations\seeds\02-stores.js
FN:1,(anonymous_0)
FNF:1
FNH:1
FNDA:1,(anonymous_0)
DA:1,1
DA:2,1
LF:2
LH:2
BRF:0
BRH:0
end_of_record
TN:
SF:C:\Users\wjonk\Documents\Github\Merch-Dropper-be\databaseOperations\seeds\03-quotes.js
FN:1,(anonymous_0)
FNF:1
FNH:1
FNDA:1,(anonymous_0)
DA:1,1
DA:2,1
LF:2
LH:2
BRF:0
BRH:0
end_of_record
TN:
SF:C:\Users\wjonk\Documents\Github\Merch-Dropper-be\databaseOperations\seeds\04-orders.js
FN:1,(anonymous_0)
FNF:1
FNH:1
FNDA:1,(anonymous_0)
DA:1,1
DA:2,1
LF:2
LH:2
BRF:0
BRH:0
end_of_record
TN:
SF:C:\Users\wjonk\Documents\Github\Merch-Dropper-be\databaseOperations\seeds\05-designs.js
FN:1,(anonymous_0)
FNF:1
FNH:1
FNDA:1,(anonymous_0)
DA:1,1
DA:2,1
LF:2
LH:2
BRF:0
BRH:0
end_of_record
TN:
SF:C:\Users\wjonk\Documents\Github\Merch-Dropper-be\databaseOperations\seeds\06-products.js
FN:1,(anonymous_0)
FNF:1
FNH:1
FNDA:1,(anonymous_0)
DA:1,1
DA:2,1
LF:2
LH:2
BRF:0
BRH:0
end_of_record
TN:
SF:C:\Users\wjonk\Documents\Github\Merch-Dropper-be\globalMiddleware\restrictedMiddleware.js
FNF:0
FNH:0
LF:0
LH:0
BRF:0
BRH:0
end_of_record
